[2015-10-03 00:12:39] production.INFO: ========== Follow post ========== [] []
[2015-10-03 01:03:15] production.INFO: Result {"headers":{"HTTP/1.1":"200 OK","Server":"nginx/1.0.15","Date":"Fri, 02 Oct 2015 18:09:54 GMT","Content-Type":"application/json","Connection":"keep-alive","X-Powered-By":"PHP/5.4.37","Set-Cookie":"PHPSESSID=mn2rb8bkabvsii8am70lnav6k4; path=/","Expires":"Thu, 19 Nov 1981 08:52:00 GMT","Cache-Control":"no-store, no-cache, must-revalidate, post-check=0, pre-check=0","Pragma":"no-cache","Content-Length":"115","Front-End-Https":"on"},"body":"{\"status\":417,\"logged\":false,\"basedir\":\"\\/home\\/vdomax\",\"error_message\":\"This Email and Username is not available\"}","info":{"url":"https://www.vdomax.com/ajax.php?t=register&mobile=1","content_type":"application/json","http_code":200,"header_size":397,"request_size":257,"filetime":-1,"ssl_verify_result":0,"redirect_count":0,"total_time":5.57055,"namelookup_time":5.51514,"connect_time":5.515618,"pretransfer_time":5.524909,"size_upload":105,"size_download":115,"speed_download":20,"speed_upload":18,"download_content_length":115,"upload_content_length":105,"starttransfer_time":5.570502,"redirect_time":0,"redirect_url":"","primary_ip":"150.107.31.9","certinfo":[],"primary_port":443,"local_ip":"150.107.31.21","local_port":48536}} []
[2015-10-03 01:03:33] production.INFO: Result {"headers":{"HTTP/1.1":"200 OK","Server":"nginx/1.0.15","Date":"Fri, 02 Oct 2015 18:10:12 GMT","Content-Type":"application/json","Connection":"keep-alive","X-Powered-By":"PHP/5.4.37","Set-Cookie":"PHPSESSID=4fe5d9emvi3mcds7j8cql6dnv1; path=/","Expires":"Thu, 19 Nov 1981 08:52:00 GMT","Cache-Control":"no-store, no-cache, must-revalidate, post-check=0, pre-check=0","Pragma":"no-cache","Content-Length":"115","Front-End-Https":"on"},"body":"{\"status\":417,\"logged\":false,\"basedir\":\"\\/home\\/vdomax\",\"error_message\":\"This Email and Username is not available\"}","info":{"url":"https://www.vdomax.com/ajax.php?t=register&mobile=1","content_type":"application/json","http_code":200,"header_size":397,"request_size":257,"filetime":-1,"ssl_verify_result":0,"redirect_count":0,"total_time":5.570498,"namelookup_time":5.514512,"connect_time":5.514797,"pretransfer_time":5.525426,"size_upload":105,"size_download":115,"speed_download":20,"speed_upload":18,"download_content_length":115,"upload_content_length":105,"starttransfer_time":5.570467,"redirect_time":0,"redirect_url":"","primary_ip":"150.107.31.9","certinfo":[],"primary_port":443,"local_ip":"150.107.31.21","local_port":48654}} []
[2015-10-03 01:03:43] production.INFO: Result {"headers":{"HTTP/1.1":"200 OK","Server":"nginx/1.0.15","Date":"Fri, 02 Oct 2015 18:10:22 GMT","Content-Type":"application/json","Connection":"keep-alive","X-Powered-By":"PHP/5.4.37","Set-Cookie":"PHPSESSID=7pd24k60r6ju9v4pitcf37vi87; path=/","Expires":"Thu, 19 Nov 1981 08:52:00 GMT","Cache-Control":"no-store, no-cache, must-revalidate, post-check=0, pre-check=0","Pragma":"no-cache","Content-Length":"115","Front-End-Https":"on"},"body":"{\"status\":417,\"logged\":false,\"basedir\":\"\\/home\\/vdomax\",\"error_message\":\"This Email and Username is not available\"}","info":{"url":"https://www.vdomax.com/ajax.php?t=register&mobile=1","content_type":"application/json","http_code":200,"header_size":397,"request_size":256,"filetime":-1,"ssl_verify_result":0,"redirect_count":0,"total_time":0.118934,"namelookup_time":0.060456,"connect_time":0.060853,"pretransfer_time":0.072981,"size_upload":104,"size_download":115,"speed_download":966,"speed_upload":874,"download_content_length":115,"upload_content_length":104,"starttransfer_time":0.118884,"redirect_time":0,"redirect_url":"","primary_ip":"150.107.31.9","certinfo":[],"primary_port":443,"local_ip":"150.107.31.21","local_port":48764}} []
[2015-10-03 01:03:52] production.INFO: Result {"headers":{"HTTP/1.1":"200 OK","Server":"nginx/1.0.15","Date":"Fri, 02 Oct 2015 18:10:31 GMT","Content-Type":"application/json","Connection":"keep-alive","X-Powered-By":"PHP/5.4.37","Set-Cookie":"PHPSESSID=f1som4m5qql61l28vqahdp3hu1; path=/","Expires":"Thu, 19 Nov 1981 08:52:00 GMT","Cache-Control":"no-store, no-cache, must-revalidate, post-check=0, pre-check=0","Pragma":"no-cache","Content-Length":"115","Front-End-Https":"on"},"body":"{\"status\":417,\"logged\":false,\"basedir\":\"\\/home\\/vdomax\",\"error_message\":\"This Email and Username is not available\"}","info":{"url":"https://www.vdomax.com/ajax.php?t=register&mobile=1","content_type":"application/json","http_code":200,"header_size":397,"request_size":255,"filetime":-1,"ssl_verify_result":0,"redirect_count":0,"total_time":0.054892,"namelookup_time":2.8e-5,"connect_time":0.000236,"pretransfer_time":0.008959,"size_upload":103,"size_download":115,"speed_download":2095,"speed_upload":1876,"download_content_length":115,"upload_content_length":103,"starttransfer_time":0.054853,"redirect_time":0,"redirect_url":"","primary_ip":"150.107.31.9","certinfo":[],"primary_port":443,"local_ip":"150.107.31.21","local_port":48875}} []
[2015-10-03 01:04:11] production.INFO: Result {"headers":{"HTTP/1.1":"200 OK","Server":"nginx/1.0.15","Date":"Fri, 02 Oct 2015 18:10:50 GMT","Content-Type":"application/json","Connection":"keep-alive","X-Powered-By":"PHP/5.4.37","Set-Cookie":"PHPSESSID=vee3gj8qg39071os8r5lqi8203; path=/","Expires":"Thu, 19 Nov 1981 08:52:00 GMT","Cache-Control":"no-store, no-cache, must-revalidate, post-check=0, pre-check=0","Pragma":"no-cache","Content-Length":"115","Front-End-Https":"on"},"body":"{\"status\":417,\"logged\":false,\"basedir\":\"\\/home\\/vdomax\",\"error_message\":\"This Email and Username is not available\"}","info":{"url":"https://www.vdomax.com/ajax.php?t=register&mobile=1","content_type":"application/json","http_code":200,"header_size":397,"request_size":258,"filetime":-1,"ssl_verify_result":0,"redirect_count":0,"total_time":5.571446,"namelookup_time":5.514949,"connect_time":5.515227,"pretransfer_time":5.524628,"size_upload":106,"size_download":115,"speed_download":20,"speed_upload":19,"download_content_length":115,"upload_content_length":106,"starttransfer_time":5.571397,"redirect_time":0,"redirect_url":"","primary_ip":"150.107.31.9","certinfo":[],"primary_port":443,"local_ip":"150.107.31.21","local_port":48877}} []
[2015-10-03 01:55:36] production.INFO: ========== Follow post ========== [] []
[2015-10-03 01:56:07] production.INFO: ========== Follow post ========== [] []
[2015-10-03 01:59:34] production.INFO: ========== Follow post ========== [] []
[2015-10-03 04:22:46] production.INFO: ========== Follow post ========== [] []
[2015-10-03 05:01:20] production.INFO: ========== Follow post ========== [] []
[2015-10-03 05:03:44] production.INFO: ========== Follow post ========== [] []
[2015-10-03 05:13:05] production.INFO: ========== Follow post ========== [] []
[2015-10-03 05:18:45] production.INFO: ========== Follow post ========== [] []
[2015-10-03 05:37:54] production.INFO: ========== Follow post ========== [] []
[2015-10-03 06:38:02] production.INFO: ========== Follow post ========== [] []
[2015-10-03 06:42:12] production.INFO: ========== Follow post ========== [] []
[2015-10-03 06:47:01] production.INFO: ========== Follow post ========== [] []
[2015-10-03 06:52:32] production.INFO: ========== Follow post ========== [] []
[2015-10-03 06:52:57] production.INFO: ========== Follow post ========== [] []
[2015-10-03 06:55:20] production.INFO: ========== Follow post ========== [] []
[2015-10-03 07:10:52] production.INFO: ========== Follow post ========== [] []
[2015-10-03 07:13:02] production.INFO: ========== Follow post ========== [] []
[2015-10-03 07:15:01] production.INFO: ========== Follow post ========== [] []
[2015-10-03 07:16:05] production.INFO: ========== Follow post ========== [] []
[2015-10-03 07:17:07] production.INFO: ========== Follow post ========== [] []
[2015-10-03 07:23:36] production.INFO: ========== Follow post ========== [] []
[2015-10-03 07:24:12] production.INFO: ========== Follow post ========== [] []
[2015-10-03 07:25:19] production.INFO: ========== Follow post ========== [] []
[2015-10-03 07:29:56] production.INFO: ========== Follow post ========== [] []
[2015-10-03 07:32:21] production.INFO: ========== Follow post ========== [] []
[2015-10-03 07:34:34] production.INFO: ========== Follow post ========== [] []
[2015-10-03 07:42:47] production.INFO: ========== Follow post ========== [] []
[2015-10-03 08:36:58] production.INFO: ========== Follow post ========== [] []
[2015-10-03 08:41:51] production.INFO: ========== Follow post ========== [] []
[2015-10-03 08:42:24] production.INFO: ========== Follow post ========== [] []
[2015-10-03 08:46:56] production.INFO: ========== Follow post ========== [] []
[2015-10-03 08:52:33] production.INFO: ========== Follow post ========== [] []
[2015-10-03 08:53:06] production.INFO: ========== Follow post ========== [] []
[2015-10-03 08:53:23] production.INFO: ========== Follow post ========== [] []
[2015-10-03 08:54:15] production.INFO: ========== Follow post ========== [] []
[2015-10-03 08:54:16] production.INFO: ========== Follow post ========== [] []
[2015-10-03 08:54:17] production.INFO: ========== Follow post ========== [] []
[2015-10-03 08:55:09] production.INFO: ========== Follow post ========== [] []
[2015-10-03 08:55:14] production.INFO: ========== Follow post ========== [] []
[2015-10-03 08:59:32] production.INFO: ========== Follow post ========== [] []
[2015-10-03 08:59:32] production.INFO: ========== Follow post ========== [] []
[2015-10-03 09:00:42] production.INFO: ========== Follow post ========== [] []
[2015-10-03 09:01:13] production.INFO: ========== Follow post ========== [] []
[2015-10-03 09:03:54] production.INFO: ========== Follow post ========== [] []
[2015-10-03 09:04:41] production.INFO: ========== Follow post ========== [] []
[2015-10-03 09:18:15] production.INFO: ========== Follow post ========== [] []
[2015-10-03 09:19:46] production.INFO: ========== Follow post ========== [] []
[2015-10-03 10:00:21] production.INFO: ========== Follow post ========== [] []
[2015-10-03 10:04:20] production.INFO: ========== Follow post ========== [] []
[2015-10-03 10:06:28] production.INFO: ========== Follow post ========== [] []
[2015-10-03 10:08:45] production.INFO: ========== Follow post ========== [] []
[2015-10-03 10:09:25] production.INFO: ========== Follow post ========== [] []
[2015-10-03 11:31:42] production.INFO: ========== Follow post ========== [] []
[2015-10-03 11:55:46] production.INFO: ========== Follow post ========== [] []
[2015-10-03 13:07:40] production.INFO: ========== Follow post ========== [] []
[2015-10-03 13:16:16] production.INFO: ========== Follow post ========== [] []
[2015-10-03 13:26:41] production.INFO: ========== Follow post ========== [] []
[2015-10-03 13:30:46] production.INFO: ========== Follow post ========== [] []
[2015-10-03 13:44:11] production.INFO: ========== Follow post ========== [] []
[2015-10-03 16:20:24] production.INFO: ========== Follow post ========== [] []
[2015-10-03 16:28:38] production.INFO: ========== Follow post ========== [] []
[2015-10-03 16:29:50] production.INFO: ========== Follow post ========== [] []
[2015-10-03 16:31:05] production.INFO: ========== Follow post ========== [] []
[2015-10-03 16:31:44] production.INFO: ========== Follow post ========== [] []
[2015-10-03 16:33:53] production.INFO: ========== Follow post ========== [] []
[2015-10-03 16:34:26] production.INFO: ========== Follow post ========== [] []
[2015-10-03 16:46:46] production.INFO: ========== Follow post ========== [] []
[2015-10-03 16:48:07] production.INFO: ========== Follow post ========== [] []
[2015-10-03 16:49:44] production.INFO: ========== Follow post ========== [] []
[2015-10-03 16:50:55] production.INFO: ========== Follow post ========== [] []
[2015-10-03 16:52:50] production.INFO: ========== Follow post ========== [] []
[2015-10-03 17:25:42] production.INFO: ========== Follow post ========== [] []
[2015-10-03 18:52:07] production.INFO: ========== Follow post ========== [] []
[2015-10-03 19:51:36] production.INFO: ========== Follow post ========== [] []
[2015-10-03 19:52:52] production.INFO: ========== Follow post ========== [] []
[2015-10-03 19:54:50] production.INFO: ========== Follow post ========== [] []
[2015-10-03 21:39:33] production.INFO: ========== Follow post ========== [] []
[2015-10-03 21:43:43] production.INFO: ========== Follow post ========== [] []
[2015-10-03 22:18:25] production.INFO: ========== Follow post ========== [] []
[2015-10-03 22:18:34] production.INFO: ========== Follow post ========== [] []
[2015-10-03 23:32:12] production.INFO: ========== Follow post ========== [] []
