[2015-08-09 08:31:43] production.INFO: ========== Follow post ========== [] []
[2015-08-09 10:25:00] production.INFO: ========== Follow post ========== [] []
[2015-08-09 11:20:41] production.INFO: ========== Follow post ========== [] []
[2015-08-09 11:20:49] production.INFO: ========== Follow post ========== [] []
[2015-08-09 11:20:52] production.INFO: ========== Follow post ========== [] []
[2015-08-09 12:05:24] production.INFO: ========== Like post ========== [] []
[2015-08-09 12:05:24] production.INFO: Inputs {"id":"234393"} []
[2015-08-09 12:05:24] production.INFO: Result {"headers":{"HTTP/1.1":"200 OK","Server":"nginx/1.0.15","Date":"Sun, 09 Aug 2015 05:09:14 GMT","Content-Type":"application/json","Connection":"keep-alive","X-Powered-By":"PHP/5.4.37","Set-Cookie":"PHPSESSID=vhoal3jiqj02s5e6i3ipuspkp1; path=/","Expires":"Thu, 19 Nov 1981 08:52:00 GMT","Cache-Control":"no-store, no-cache, must-revalidate, post-check=0, pre-check=0","Pragma":"no-cache","Content-Length":"447","Front-End-Https":"on"},"body":"{\"status\":200,\"button_html\":\"<button class=\\\"story-like-btn break\\\" type=\\\"button\\\" onclick=\\\"SK_registerStoryLike(234393);\\\" title=\\\"Loved\\\">\\n\\t<i class=\\\"icon-heart progress-icon\\\" data-icon=\\\"heart\\\"><\\/i> <strong>Loved<\\/strong>\\n<\\/button>\",\"activity_html\":\"<span class=\\\"like-activity activity-btn\\\" onclick=\\\"SK_getStoryLikes(234393);\\\" title=\\\"Loves\\\">\\n    1    <i class=\\\"icon-heart progress-icon\\\" data-icon=\\\"heart\\\"><\\/i>\\n<\\/span>\"}","info":{"url":"https://www.vdomax.com/ajax.php?t=post&a=like&post_id=234393&token=&user_id=18319&user_pass=115c34b13780ba37bac78e70d1134512&timeline_id=18319","content_type":"application/json","http_code":200,"header_size":397,"request_size":172,"filetime":-1,"ssl_verify_result":0,"redirect_count":0,"total_time":0.239543,"namelookup_time":0.060445,"connect_time":0.062017,"pretransfer_time":0.070237,"size_upload":0,"size_download":447,"speed_download":1866,"speed_upload":0,"download_content_length":447,"upload_content_length":0,"starttransfer_time":0.239504,"redirect_time":0,"redirect_url":"","primary_ip":"150.107.31.9","certinfo":[],"primary_port":443,"local_ip":"150.107.31.21","local_port":37399}} []
[2015-08-09 12:07:15] production.INFO: ========== Follow post ========== [] []
[2015-08-09 12:34:53] production.INFO: ========== Follow post ========== [] []
[2015-08-09 13:12:28] production.INFO: ========== Follow post ========== [] []
[2015-08-09 13:13:25] production.INFO: ========== Follow post ========== [] []
[2015-08-09 20:00:56] production.INFO: ========== Like post ========== [] []
[2015-08-09 20:00:56] production.INFO: Inputs {"id":"234259"} []
[2015-08-09 20:00:57] production.INFO: Result {"headers":{"HTTP/1.1":"200 OK","Server":"nginx/1.0.15","Date":"Sun, 09 Aug 2015 13:04:48 GMT","Content-Type":"application/json","Connection":"keep-alive","X-Powered-By":"PHP/5.4.37","Set-Cookie":"PHPSESSID=5p1riss979od3gnedeljrf0984; path=/","Expires":"Thu, 19 Nov 1981 08:52:00 GMT","Cache-Control":"no-store, no-cache, must-revalidate, post-check=0, pre-check=0","Pragma":"no-cache","Content-Length":"447","Front-End-Https":"on"},"body":"{\"status\":200,\"button_html\":\"<button class=\\\"story-like-btn break\\\" type=\\\"button\\\" onclick=\\\"SK_registerStoryLike(234259);\\\" title=\\\"Loved\\\">\\n\\t<i class=\\\"icon-heart progress-icon\\\" data-icon=\\\"heart\\\"><\\/i> <strong>Loved<\\/strong>\\n<\\/button>\",\"activity_html\":\"<span class=\\\"like-activity activity-btn\\\" onclick=\\\"SK_getStoryLikes(234259);\\\" title=\\\"Loves\\\">\\n    7    <i class=\\\"icon-heart progress-icon\\\" data-icon=\\\"heart\\\"><\\/i>\\n<\\/span>\"}","info":{"url":"https://www.vdomax.com/ajax.php?t=post&a=like&post_id=234259&token=&user_id=3&user_pass=28cbb94a84eababffb97062fed87a0f1&timeline_id=3","content_type":"application/json","http_code":200,"header_size":397,"request_size":164,"filetime":-1,"ssl_verify_result":0,"redirect_count":0,"total_time":0.485203,"namelookup_time":0.124583,"connect_time":0.125705,"pretransfer_time":0.139694,"size_upload":0,"size_download":447,"speed_download":921,"speed_upload":0,"download_content_length":447,"upload_content_length":0,"starttransfer_time":0.485153,"redirect_time":0,"redirect_url":"","primary_ip":"150.107.31.9","certinfo":[],"primary_port":443,"local_ip":"150.107.31.21","local_port":48978}} []
[2015-08-09 20:00:57] production.INFO: ========== Like post ========== [] []
[2015-08-09 20:00:57] production.INFO: Inputs {"id":"234259"} []
[2015-08-09 20:00:57] production.INFO: Result {"headers":{"HTTP/1.1":"200 OK","Server":"nginx/1.0.15","Date":"Sun, 09 Aug 2015 13:04:48 GMT","Content-Type":"application/json","Connection":"keep-alive","X-Powered-By":"PHP/5.4.37","Set-Cookie":"PHPSESSID=oqiuvna081gn4i585jotfv6oe7; path=/","Expires":"Thu, 19 Nov 1981 08:52:00 GMT","Cache-Control":"no-store, no-cache, must-revalidate, post-check=0, pre-check=0","Pragma":"no-cache","Content-Length":"424","Front-End-Https":"on"},"body":"{\"status\":200,\"button_html\":\"<button class=\\\"story-like-btn love\\\" type=\\\"button\\\" onclick=\\\"SK_registerStoryLike(234259);\\\" title=\\\"Love\\\">\\n\\t<i class=\\\"icon-heart progress-icon\\\" data-icon=\\\"heart\\\"><\\/i> Love<\\/button>\",\"activity_html\":\"<span class=\\\"like-activity activity-btn\\\" onclick=\\\"SK_getStoryLikes(234259);\\\" title=\\\"Loves\\\">\\n    6    <i class=\\\"icon-heart progress-icon\\\" data-icon=\\\"heart\\\"><\\/i>\\n<\\/span>\"}","info":{"url":"https://www.vdomax.com/ajax.php?t=post&a=like&post_id=234259&token=&user_id=3&user_pass=28cbb94a84eababffb97062fed87a0f1&timeline_id=3","content_type":"application/json","http_code":200,"header_size":397,"request_size":164,"filetime":-1,"ssl_verify_result":0,"redirect_count":0,"total_time":0.12571,"namelookup_time":0.060554,"connect_time":0.060814,"pretransfer_time":0.069875,"size_upload":0,"size_download":424,"speed_download":3372,"speed_upload":0,"download_content_length":424,"upload_content_length":0,"starttransfer_time":0.125671,"redirect_time":0,"redirect_url":"","primary_ip":"150.107.31.9","certinfo":[],"primary_port":443,"local_ip":"150.107.31.21","local_port":48989}} []
[2015-08-09 20:00:59] production.INFO: ========== Like post ========== [] []
[2015-08-09 20:00:59] production.INFO: Inputs {"id":"234259"} []
[2015-08-09 20:00:59] production.INFO: Result {"headers":{"HTTP/1.1":"200 OK","Server":"nginx/1.0.15","Date":"Sun, 09 Aug 2015 13:04:50 GMT","Content-Type":"application/json","Connection":"keep-alive","X-Powered-By":"PHP/5.4.37","Set-Cookie":"PHPSESSID=6edq2jf4rdmgk9fo83vcank864; path=/","Expires":"Thu, 19 Nov 1981 08:52:00 GMT","Cache-Control":"no-store, no-cache, must-revalidate, post-check=0, pre-check=0","Pragma":"no-cache","Content-Length":"447","Front-End-Https":"on"},"body":"{\"status\":200,\"button_html\":\"<button class=\\\"story-like-btn break\\\" type=\\\"button\\\" onclick=\\\"SK_registerStoryLike(234259);\\\" title=\\\"Loved\\\">\\n\\t<i class=\\\"icon-heart progress-icon\\\" data-icon=\\\"heart\\\"><\\/i> <strong>Loved<\\/strong>\\n<\\/button>\",\"activity_html\":\"<span class=\\\"like-activity activity-btn\\\" onclick=\\\"SK_getStoryLikes(234259);\\\" title=\\\"Loves\\\">\\n    7    <i class=\\\"icon-heart progress-icon\\\" data-icon=\\\"heart\\\"><\\/i>\\n<\\/span>\"}","info":{"url":"https://www.vdomax.com/ajax.php?t=post&a=like&post_id=234259&token=&user_id=3&user_pass=28cbb94a84eababffb97062fed87a0f1&timeline_id=3","content_type":"application/json","http_code":200,"header_size":397,"request_size":164,"filetime":-1,"ssl_verify_result":0,"redirect_count":0,"total_time":0.353654,"namelookup_time":2.8e-5,"connect_time":0.000224,"pretransfer_time":0.010982,"size_upload":0,"size_download":447,"speed_download":1263,"speed_upload":0,"download_content_length":447,"upload_content_length":0,"starttransfer_time":0.353617,"redirect_time":0,"redirect_url":"","primary_ip":"150.107.31.9","certinfo":[],"primary_port":443,"local_ip":"150.107.31.21","local_port":48995}} []
[2015-08-09 20:05:08] production.INFO: ========== Follow post ========== [] []
[2015-08-09 20:05:25] production.INFO: ========== Follow post ========== [] []
[2015-08-09 20:23:04] production.INFO: ========== Follow post ========== [] []
[2015-08-09 20:25:41] production.INFO: ========== Follow post ========== [] []
[2015-08-09 20:31:23] production.INFO: ========== Follow post ========== [] []
[2015-08-09 20:31:24] production.INFO: ========== Follow post ========== [] []
[2015-08-09 20:37:40] production.INFO: ========== Follow post ========== [] []
[2015-08-09 20:46:00] production.INFO: ========== Follow post ========== [] []
[2015-08-09 20:46:17] production.INFO: ========== Follow post ========== [] []
[2015-08-09 20:46:18] production.INFO: ========== Follow post ========== [] []
[2015-08-09 20:46:22] production.INFO: ========== Follow post ========== [] []
[2015-08-09 20:46:22] production.INFO: ========== Follow post ========== [] []
[2015-08-09 20:47:11] production.INFO: ========== Follow post ========== [] []
[2015-08-09 20:47:16] production.INFO: ========== Follow post ========== [] []
[2015-08-09 20:47:21] production.INFO: ========== Follow post ========== [] []
[2015-08-09 20:48:08] production.INFO: ========== Follow post ========== [] []
[2015-08-09 20:48:12] production.INFO: ========== Follow post ========== [] []
[2015-08-09 20:48:14] production.INFO: ========== Follow post ========== [] []
[2015-08-09 20:48:21] production.INFO: ========== Follow post ========== [] []
[2015-08-09 20:48:23] production.INFO: ========== Follow post ========== [] []
[2015-08-09 20:48:25] production.INFO: ========== Follow post ========== [] []
[2015-08-09 20:48:42] production.INFO: ========== Follow post ========== [] []
[2015-08-09 20:49:27] production.INFO: ========== Follow post ========== [] []
[2015-08-09 20:49:31] production.INFO: ========== Follow post ========== [] []
[2015-08-09 20:49:34] production.INFO: ========== Follow post ========== [] []
[2015-08-09 20:51:27] production.INFO: ========== Follow post ========== [] []
[2015-08-09 20:51:35] production.INFO: ========== Follow post ========== [] []
[2015-08-09 20:53:55] production.INFO: ========== Follow post ========== [] []
[2015-08-09 20:54:07] production.INFO: ========== Follow post ========== [] []
[2015-08-09 20:54:09] production.INFO: ========== Follow post ========== [] []
[2015-08-09 20:54:19] production.INFO: ========== Follow post ========== [] []
[2015-08-09 20:55:19] production.INFO: ========== Follow post ========== [] []
[2015-08-09 20:56:48] production.INFO: ========== Follow post ========== [] []
[2015-08-09 20:56:51] production.INFO: ========== Follow post ========== [] []
[2015-08-09 20:56:53] production.INFO: ========== Follow post ========== [] []
[2015-08-09 20:56:55] production.INFO: ========== Follow post ========== [] []
[2015-08-09 20:58:00] production.INFO: ========== Follow post ========== [] []
[2015-08-09 21:08:17] production.INFO: ========== Follow post ========== [] []
[2015-08-09 21:09:26] production.INFO: ========== Follow post ========== [] []
[2015-08-09 21:09:59] production.INFO: ========== Follow post ========== [] []
[2015-08-09 21:11:38] production.INFO: ========== Follow post ========== [] []
[2015-08-09 21:12:06] production.INFO: ========== Follow post ========== [] []
[2015-08-09 21:12:11] production.INFO: ========== Follow post ========== [] []
[2015-08-09 21:15:17] production.INFO: ========== Follow post ========== [] []
[2015-08-09 21:15:22] production.INFO: ========== Follow post ========== [] []
[2015-08-09 21:16:21] production.INFO: ========== Follow post ========== [] []
[2015-08-09 21:16:21] production.INFO: ========== Follow post ========== [] []
[2015-08-09 21:16:21] production.INFO: ========== Follow post ========== [] []
[2015-08-09 21:17:43] production.INFO: ========== Follow post ========== [] []
