[2015-10-21 00:07:18] production.INFO: ========== Follow post ========== [] []
[2015-10-21 00:07:32] production.INFO: ========== Follow post ========== [] []
[2015-10-21 00:20:03] production.INFO: ========== Follow post ========== [] []
[2015-10-21 00:47:41] production.INFO: ========== Follow post ========== [] []
[2015-10-21 00:48:21] production.INFO: ========== Follow post ========== [] []
[2015-10-21 00:52:32] production.INFO: ========== Follow post ========== [] []
[2015-10-21 09:48:05] production.INFO: ========== Follow post ========== [] []
[2015-10-21 10:11:19] production.INFO: ========== Follow post ========== [] []
[2015-10-21 10:29:25] production.INFO: ========== Follow post ========== [] []
[2015-10-21 10:31:33] production.INFO: ========== Follow post ========== [] []
[2015-10-21 10:32:56] production.INFO: ========== Follow post ========== [] []
[2015-10-21 10:34:52] production.INFO: ========== Follow post ========== [] []
[2015-10-21 10:36:35] production.INFO: ========== Follow post ========== [] []
[2015-10-21 10:38:01] production.INFO: ========== Follow post ========== [] []
[2015-10-21 10:40:50] production.INFO: ========== Follow post ========== [] []
[2015-10-21 10:55:49] production.INFO: ========== Follow post ========== [] []
[2015-10-21 11:05:59] production.INFO: ========== Follow post ========== [] []
[2015-10-21 11:40:55] production.INFO: ========== Follow post ========== [] []
[2015-10-21 12:08:04] production.INFO: ========== Follow post ========== [] []
[2015-10-21 12:30:04] production.INFO: ========== Follow post ========== [] []
[2015-10-21 12:30:31] production.INFO: ========== Follow post ========== [] []
[2015-10-21 12:42:59] production.INFO: ========== Follow post ========== [] []
[2015-10-21 12:43:26] production.INFO: ========== Follow post ========== [] []
[2015-10-21 12:44:19] production.INFO: ========== Follow post ========== [] []
[2015-10-21 13:12:19] production.INFO: ========== Follow post ========== [] []
[2015-10-21 13:29:05] production.INFO: ========== Follow post ========== [] []
[2015-10-21 13:33:51] production.INFO: ========== Follow post ========== [] []
[2015-10-21 13:36:59] production.INFO: ========== Follow post ========== [] []
[2015-10-21 13:50:42] production.INFO: ========== Follow post ========== [] []
[2015-10-21 14:42:51] production.INFO: ========== Follow post ========== [] []
[2015-10-21 14:43:00] production.INFO: ========== Follow post ========== [] []
[2015-10-21 14:44:32] production.INFO: ========== Follow post ========== [] []
[2015-10-21 14:45:53] production.INFO: ========== Follow post ========== [] []
[2015-10-21 14:46:34] production.INFO: ========== Follow post ========== [] []
[2015-10-21 14:46:48] production.INFO: ========== Follow post ========== [] []
[2015-10-21 14:47:10] production.INFO: ========== Follow post ========== [] []
[2015-10-21 14:47:33] production.INFO: ========== Follow post ========== [] []
[2015-10-21 14:47:49] production.INFO: ========== Follow post ========== [] []
[2015-10-21 14:48:05] production.INFO: ========== Follow post ========== [] []
[2015-10-21 14:48:19] production.INFO: ========== Follow post ========== [] []
[2015-10-21 14:50:01] production.INFO: ========== Follow post ========== [] []
[2015-10-21 14:50:44] production.INFO: ========== Follow post ========== [] []
[2015-10-21 14:51:07] production.INFO: ========== Follow post ========== [] []
[2015-10-21 14:51:15] production.INFO: ========== Follow post ========== [] []
[2015-10-21 14:51:35] production.INFO: ========== Follow post ========== [] []
[2015-10-21 14:58:23] production.INFO: ========== Follow post ========== [] []
[2015-10-21 14:59:59] production.INFO: ========== Follow post ========== [] []
[2015-10-21 15:00:13] production.INFO: ========== Follow post ========== [] []
[2015-10-21 15:42:03] production.INFO: ========== Follow post ========== [] []
[2015-10-21 15:59:39] production.INFO: ========== Follow post ========== [] []
[2015-10-21 15:59:59] production.INFO: ========== Follow post ========== [] []
[2015-10-21 16:20:17] production.INFO: ========== Follow post ========== [] []
[2015-10-21 16:20:32] production.INFO: ========== Follow post ========== [] []
[2015-10-21 16:22:35] production.INFO: ========== Follow post ========== [] []
[2015-10-21 16:22:54] production.INFO: ========== Follow post ========== [] []
[2015-10-21 16:23:05] production.INFO: ========== Follow post ========== [] []
[2015-10-21 16:23:18] production.INFO: ========== Follow post ========== [] []
[2015-10-21 16:27:36] production.INFO: ========== Follow post ========== [] []
[2015-10-21 16:27:50] production.INFO: ========== Follow post ========== [] []
[2015-10-21 16:28:18] production.INFO: ========== Follow post ========== [] []
[2015-10-21 16:34:23] production.INFO: ========== Follow post ========== [] []
[2015-10-21 16:40:55] production.INFO: ========== Follow post ========== [] []
[2015-10-21 16:44:22] production.INFO: ========== Follow post ========== [] []
[2015-10-21 16:46:09] production.INFO: ========== Follow post ========== [] []
[2015-10-21 17:06:11] production.INFO: ========== Follow post ========== [] []
[2015-10-21 17:11:40] production.INFO: ========== Follow post ========== [] []
[2015-10-21 17:12:55] production.INFO: ========== Follow post ========== [] []
[2015-10-21 17:17:18] production.INFO: ========== Follow post ========== [] []
[2015-10-21 17:18:20] production.INFO: ========== Follow post ========== [] []
[2015-10-21 17:19:00] production.INFO: ========== Follow post ========== [] []
[2015-10-21 17:25:26] production.INFO: ========== Follow post ========== [] []
[2015-10-21 17:27:39] production.INFO: Result {"headers":{"HTTP/1.1":"200 OK","Server":"nginx/1.0.15","Date":"Wed, 21 Oct 2015 10:35:15 GMT","Content-Type":"application/json","Connection":"keep-alive","X-Powered-By":"PHP/5.4.37","Set-Cookie":"PHPSESSID=4bm4l5bjbdbipp62bd6ifg0q85; path=/","Expires":"Thu, 19 Nov 1981 08:52:00 GMT","Cache-Control":"no-store, no-cache, must-revalidate, post-check=0, pre-check=0","Pragma":"no-cache","Content-Length":"1814","Front-End-Https":"on"},"body":"{\"status\":200,\"logged\":false,\"basedir\":\"\\/home\\/vdomax\",\"message\":\"Registration successful. We have sent you an email. Please check your inbox\\/spam to verify your email ID.\",\"user\":{\"id\":\"21026\",\"about\":\"\",\"active\":\"1\",\"avatar_id\":\"0\",\"cover_id\":\"0\",\"cover_position\":\"0\",\"email\":\"test24@yahoo.com\",\"email_verification_key\":\"2c082c395d4f5ffa266cbd915f2b4b67\",\"email_verified\":\"1\",\"language\":\"\",\"last_logged\":\"0\",\"name\":\"vanguard24 1445423710997\",\"time\":\"1445423713\",\"timestamp\":\"2015-10-21 17:35:13\",\"timezone\":\"\",\"type\":\"user\",\"username\":\"vanguard24\",\"verified\":false,\"url\":\"https:\\/\\/www.vdomax.com\\/@vanguard24\",\"first_name\":\"vanguard24\",\"last_name\":\"1445423710997\",\"live_cover\":\"https:\\/\\/www.vdomax.com\\/clips\\/rtmp\\/vanguard24.png\",\"live_cover_offline\":\"https:\\/\\/www.vdomax.com\\/themes\\/vdomax1.1\\/images\\/offline-channel.png\",\"cover_url\":\"https:\\/\\/www.vdomax.com\\/themes\\/vdomax1.1\\/images\\/default-cover.png\",\"actual_cover_url\":\"https:\\/\\/www.vdomax.com\\/themes\\/vdomax1.1\\/images\\/default-cover.png\",\"cover\":\"themes\\/vdomax1.1\\/images\\/default-cover.png\",\"birthday\":\"1-1-1990\",\"gender\":\"male\",\"online\":false,\"avatar_url\":\"https:\\/\\/www.vdomax.com\\/themes\\/vdomax1.1\\/images\\/default-male-avatar.png\",\"thumbnail_url\":\"https:\\/\\/www.vdomax.com\\/themes\\/vdomax1.1\\/images\\/default-male-avatar.png\",\"avatar\":\"themes\\/vdomax1.1\\/images\\/default-male-avatar.png\",\"comment_privacy\":\"everyone\",\"confirm_followers\":\"0\",\"current_city\":\"\",\"follow_privacy\":\"everyone\",\"hometown\":\"\",\"message_privacy\":\"everyone\",\"timeline_post_privacy\":\"everyone\",\"phone\":\"\",\"country\":\"1\",\"geo_name\":\"Thailand\",\"geo_code\":\"TH\",\"birth\":{\"date\":\"1\",\"month\":\"1\",\"year\":\"1990\"},\"verification_link\":\"https:\\/\\/www.vdomax.com\\/?tab1=email-verification&email=test24@yahoo.com&key=2c082c395d4f5ffa266cbd915f2b4b67\"},\"mobile\":true,\"phone\":\"\"}","info":{"url":"https://www.vdomax.com/ajax.php?t=register&mobile=1","content_type":"application/json","http_code":200,"header_size":398,"request_size":273,"filetime":-1,"ssl_verify_result":0,"redirect_count":0,"total_time":1.664423,"namelookup_time":0.060537,"connect_time":0.060771,"pretransfer_time":0.069304,"size_upload":121,"size_download":1814,"speed_download":1089,"speed_upload":72,"download_content_length":1814,"upload_content_length":121,"starttransfer_time":1.664387,"redirect_time":0,"redirect_url":"","primary_ip":"150.107.31.9","certinfo":[],"primary_port":443,"local_ip":"150.107.31.21","local_port":43869}} []
[2015-10-21 17:29:16] production.INFO: Result {"headers":{"HTTP/1.1":"200 OK","Server":"nginx/1.0.15","Date":"Wed, 21 Oct 2015 10:36:52 GMT","Content-Type":"application/json","Connection":"keep-alive","X-Powered-By":"PHP/5.4.37","Set-Cookie":"PHPSESSID=fv5uvvi50lupbuf57sq28e5k60; path=/","Expires":"Thu, 19 Nov 1981 08:52:00 GMT","Cache-Control":"no-store, no-cache, must-revalidate, post-check=0, pre-check=0","Pragma":"no-cache","Content-Length":"14","Front-End-Https":"on"},"body":"{\"status\":200}","info":{"url":"https://www.vdomax.com/ajax.php?t=user&a=settings&mobile=1&user_id=21026&user_pass=d7f86147d6a1cd465d8856c9302b30e2","content_type":"application/json","http_code":200,"header_size":396,"request_size":296,"filetime":-1,"ssl_verify_result":0,"redirect_count":0,"total_time":0.078514,"namelookup_time":2.9e-5,"connect_time":0.000338,"pretransfer_time":0.008825,"size_upload":81,"size_download":14,"speed_download":178,"speed_upload":1031,"download_content_length":14,"upload_content_length":81,"starttransfer_time":0.078487,"redirect_time":0,"redirect_url":"","primary_ip":"150.107.31.9","certinfo":[],"primary_port":443,"local_ip":"150.107.31.21","local_port":44283}} []
[2015-10-21 17:30:53] production.INFO: ========== Follow post ========== [] []
[2015-10-21 17:31:09] production.INFO: ========== Follow post ========== [] []
[2015-10-21 17:32:28] production.INFO: ========== Follow post ========== [] []
[2015-10-21 17:32:38] production.INFO: ========== Follow post ========== [] []
[2015-10-21 17:38:49] production.INFO: ========== Follow post ========== [] []
[2015-10-21 17:47:07] production.INFO: ========== Follow post ========== [] []
[2015-10-21 18:09:59] production.INFO: ========== Follow post ========== [] []
[2015-10-21 18:10:58] production.INFO: ========== Follow post ========== [] []
[2015-10-21 18:13:26] production.INFO: ========== Follow post ========== [] []
[2015-10-21 18:13:32] production.INFO: ========== Follow post ========== [] []
[2015-10-21 18:13:36] production.INFO: ========== Follow post ========== [] []
[2015-10-21 18:13:36] production.INFO: ========== Follow post ========== [] []
[2015-10-21 18:14:29] production.INFO: ========== Follow post ========== [] []
[2015-10-21 18:14:43] production.INFO: ========== Follow post ========== [] []
[2015-10-21 18:14:47] production.INFO: ========== Follow post ========== [] []
[2015-10-21 18:16:05] production.INFO: ========== Follow post ========== [] []
[2015-10-21 18:16:12] production.INFO: ========== Follow post ========== [] []
[2015-10-21 18:16:34] production.INFO: ========== Follow post ========== [] []
[2015-10-21 18:16:59] production.INFO: ========== Follow post ========== [] []
[2015-10-21 18:17:10] production.INFO: ========== Follow post ========== [] []
[2015-10-21 18:18:29] production.INFO: ========== Follow post ========== [] []
[2015-10-21 18:18:33] production.INFO: ========== Follow post ========== [] []
[2015-10-21 18:18:37] production.INFO: ========== Follow post ========== [] []
[2015-10-21 18:20:15] production.INFO: ========== Follow post ========== [] []
[2015-10-21 18:20:15] production.INFO: ========== Follow post ========== [] []
[2015-10-21 18:20:19] production.INFO: ========== Follow post ========== [] []
[2015-10-21 18:21:51] production.INFO: ========== Follow post ========== [] []
[2015-10-21 18:21:54] production.INFO: ========== Follow post ========== [] []
[2015-10-21 18:22:01] production.INFO: ========== Follow post ========== [] []
[2015-10-21 18:22:33] production.INFO: ========== Follow post ========== [] []
[2015-10-21 18:23:09] production.INFO: ========== Follow post ========== [] []
[2015-10-21 18:23:30] production.INFO: ========== Follow post ========== [] []
[2015-10-21 18:23:56] production.INFO: ========== Follow post ========== [] []
[2015-10-21 18:40:41] production.INFO: ========== Follow post ========== [] []
[2015-10-21 18:40:51] production.INFO: ========== Follow post ========== [] []
[2015-10-21 18:41:52] production.INFO: ========== Follow post ========== [] []
[2015-10-21 18:42:05] production.INFO: ========== Follow post ========== [] []
[2015-10-21 19:41:32] production.INFO: ========== Follow post ========== [] []
[2015-10-21 20:20:01] production.INFO: Result {"headers":{"HTTP/1.1":"200 OK","Server":"nginx/1.0.15","Date":"Wed, 21 Oct 2015 13:27:37 GMT","Content-Type":"application/json","Connection":"keep-alive","X-Powered-By":"PHP/5.4.37","Set-Cookie":"PHPSESSID=dfh6hel1fic8ssuci3t9hqd5f4; path=/","Expires":"Thu, 19 Nov 1981 08:52:00 GMT","Cache-Control":"no-store, no-cache, must-revalidate, post-check=0, pre-check=0","Pragma":"no-cache","Content-Length":"14","Front-End-Https":"on"},"body":"{\"status\":200}","info":{"url":"https://www.vdomax.com/ajax.php?t=user&a=settings&mobile=1&user_id=20938&user_pass=3e8c03aa7e441ac769afb4075f25abaf","content_type":"application/json","http_code":200,"header_size":396,"request_size":354,"filetime":-1,"ssl_verify_result":0,"redirect_count":0,"total_time":0.264269,"namelookup_time":0.124616,"connect_time":0.124883,"pretransfer_time":0.133561,"size_upload":138,"size_download":14,"speed_download":52,"speed_upload":522,"download_content_length":14,"upload_content_length":138,"starttransfer_time":0.264228,"redirect_time":0,"redirect_url":"","primary_ip":"150.107.31.9","certinfo":[],"primary_port":443,"local_ip":"150.107.31.21","local_port":41823}} []
[2015-10-21 20:20:17] production.INFO: Result {"headers":{"HTTP/1.1":"200 OK","Server":"nginx/1.0.15","Date":"Wed, 21 Oct 2015 13:27:53 GMT","Content-Type":"application/json","Connection":"keep-alive","X-Powered-By":"PHP/5.4.37","Set-Cookie":"PHPSESSID=rfv1ndscev4f06nc0o91dg9sc6; path=/","Expires":"Thu, 19 Nov 1981 08:52:00 GMT","Cache-Control":"no-store, no-cache, must-revalidate, post-check=0, pre-check=0","Pragma":"no-cache","Content-Length":"372","Front-End-Https":"on"},"body":"{\"status\":417,\"logged\":false,\"basedir\":\"\\/home\\/vdomax\",\"debug\":{\"language\":\"english\",\"basedir3\":\"\\/home\\/vdomax\\/assets\\/includes\",\"basedir2\":\"\\/home\\/vdomax\\/assets\\/includes\",\"basedir\":\"\\/home\\/vdomax\",\"user_id\":\"20938\",\"user_pass\":\"3e8c03aa7e441ac769afb4075f25abaf\",\"captcha_key\":\"123456\",\"fb_391414774312517_state\":\"3e8c03aa7e441ac769afb4075f25abaf\"},\"SK_isLogged\":1}","info":{"url":"https://www.vdomax.com/ajax.php?t=user&a=settings&mobile=1&user_id=20938&user_pass=3e8c03aa7e441ac769afb4075f25abaf","content_type":"application/json","http_code":200,"header_size":397,"request_size":355,"filetime":-1,"ssl_verify_result":0,"redirect_count":0,"total_time":0.141681,"namelookup_time":0.060681,"connect_time":0.061109,"pretransfer_time":0.07302,"size_upload":139,"size_download":372,"speed_download":2625,"speed_upload":981,"download_content_length":372,"upload_content_length":139,"starttransfer_time":0.141642,"redirect_time":0,"redirect_url":"","primary_ip":"150.107.31.9","certinfo":[],"primary_port":443,"local_ip":"150.107.31.21","local_port":41835}} []
[2015-10-21 20:40:06] production.INFO: ========== Like post ========== [] []
[2015-10-21 20:40:06] production.INFO: Inputs {"id":"235591"} []
[2015-10-21 20:40:06] production.INFO: Result {"headers":{"HTTP/1.1":"200 OK","Server":"nginx/1.0.15","Date":"Wed, 21 Oct 2015 13:47:42 GMT","Content-Type":"application/json","Connection":"keep-alive","X-Powered-By":"PHP/5.4.37","Set-Cookie":"PHPSESSID=1u1mq8ol7ubfu00n7oac2suon2; path=/","Expires":"Thu, 19 Nov 1981 08:52:00 GMT","Cache-Control":"no-store, no-cache, must-revalidate, post-check=0, pre-check=0","Pragma":"no-cache","Content-Length":"475","Front-End-Https":"on"},"body":"{\"status\":200,\"button_html\":\"<button class=\\\"story-like-btn break\\\" type=\\\"button\\\" onclick=\\\"SK_registerStoryLike(235591);\\\" title=\\\"Loved\\\">\\n\\t<i class=\\\"icon-heart progress-icon\\\" data-icon=\\\"heart\\\"><\\/i> <strong>Loved<\\/strong>\\n<\\/button>\",\"activity_html\":\"<span class=\\\"like-activity activity-btn\\\" onclick=\\\"SK_getStoryLikes(235591);\\\" title=\\\"Loves\\\">\\n    1    <i class=\\\"icon-heart progress-icon\\\" data-icon=\\\"heart\\\"><\\/i>\\n<\\/span>\",\"userid\":\"20377\",\"type\":100}","info":{"url":"https://www.vdomax.com/ajax.php?t=post&a=like&post_id=235591&token=&user_id=20938&user_pass=3e8c03aa7e441ac769afb4075f25abaf&timeline_id=20938","content_type":"application/json","http_code":200,"header_size":397,"request_size":172,"filetime":-1,"ssl_verify_result":0,"redirect_count":0,"total_time":0.093676,"namelookup_time":2.8e-5,"connect_time":0.000296,"pretransfer_time":0.01275,"size_upload":0,"size_download":475,"speed_download":5070,"speed_upload":0,"download_content_length":475,"upload_content_length":0,"starttransfer_time":0.093642,"redirect_time":0,"redirect_url":"","primary_ip":"150.107.31.9","certinfo":[],"primary_port":443,"local_ip":"150.107.31.21","local_port":46257}} []
[2015-10-21 20:40:10] production.INFO: ========== Like post ========== [] []
[2015-10-21 20:40:10] production.INFO: Inputs {"id":"235587"} []
[2015-10-21 20:40:11] production.INFO: Result {"headers":{"HTTP/1.1":"200 OK","Server":"nginx/1.0.15","Date":"Wed, 21 Oct 2015 13:47:47 GMT","Content-Type":"application/json","Connection":"keep-alive","X-Powered-By":"PHP/5.4.37","Set-Cookie":"PHPSESSID=cnsc1b3qptmec36qlbunu14vo1; path=/","Expires":"Thu, 19 Nov 1981 08:52:00 GMT","Cache-Control":"no-store, no-cache, must-revalidate, post-check=0, pre-check=0","Pragma":"no-cache","Content-Length":"475","Front-End-Https":"on"},"body":"{\"status\":200,\"button_html\":\"<button class=\\\"story-like-btn break\\\" type=\\\"button\\\" onclick=\\\"SK_registerStoryLike(235587);\\\" title=\\\"Loved\\\">\\n\\t<i class=\\\"icon-heart progress-icon\\\" data-icon=\\\"heart\\\"><\\/i> <strong>Loved<\\/strong>\\n<\\/button>\",\"activity_html\":\"<span class=\\\"like-activity activity-btn\\\" onclick=\\\"SK_getStoryLikes(235587);\\\" title=\\\"Loves\\\">\\n    1    <i class=\\\"icon-heart progress-icon\\\" data-icon=\\\"heart\\\"><\\/i>\\n<\\/span>\",\"userid\":\"20377\",\"type\":100}","info":{"url":"https://www.vdomax.com/ajax.php?t=post&a=like&post_id=235587&token=&user_id=20938&user_pass=3e8c03aa7e441ac769afb4075f25abaf&timeline_id=20938","content_type":"application/json","http_code":200,"header_size":397,"request_size":172,"filetime":-1,"ssl_verify_result":0,"redirect_count":0,"total_time":0.090049,"namelookup_time":3.0e-5,"connect_time":0.000255,"pretransfer_time":0.009148,"size_upload":0,"size_download":475,"speed_download":5274,"speed_upload":0,"download_content_length":475,"upload_content_length":0,"starttransfer_time":0.090013,"redirect_time":0,"redirect_url":"","primary_ip":"150.107.31.9","certinfo":[],"primary_port":443,"local_ip":"150.107.31.21","local_port":46274}} []
[2015-10-21 20:40:13] production.INFO: ========== Like post ========== [] []
[2015-10-21 20:40:13] production.INFO: Inputs {"id":"235571"} []
[2015-10-21 20:40:13] production.INFO: Result {"headers":{"HTTP/1.1":"200 OK","Server":"nginx/1.0.15","Date":"Wed, 21 Oct 2015 13:47:50 GMT","Content-Type":"application/json","Connection":"keep-alive","X-Powered-By":"PHP/5.4.37","Set-Cookie":"PHPSESSID=5tlkmppdf3knt5k6v73s84q200; path=/","Expires":"Thu, 19 Nov 1981 08:52:00 GMT","Cache-Control":"no-store, no-cache, must-revalidate, post-check=0, pre-check=0","Pragma":"no-cache","Content-Length":"475","Front-End-Https":"on"},"body":"{\"status\":200,\"button_html\":\"<button class=\\\"story-like-btn break\\\" type=\\\"button\\\" onclick=\\\"SK_registerStoryLike(235571);\\\" title=\\\"Loved\\\">\\n\\t<i class=\\\"icon-heart progress-icon\\\" data-icon=\\\"heart\\\"><\\/i> <strong>Loved<\\/strong>\\n<\\/button>\",\"activity_html\":\"<span class=\\\"like-activity activity-btn\\\" onclick=\\\"SK_getStoryLikes(235571);\\\" title=\\\"Loves\\\">\\n    1    <i class=\\\"icon-heart progress-icon\\\" data-icon=\\\"heart\\\"><\\/i>\\n<\\/span>\",\"userid\":\"20377\",\"type\":100}","info":{"url":"https://www.vdomax.com/ajax.php?t=post&a=like&post_id=235571&token=&user_id=20938&user_pass=3e8c03aa7e441ac769afb4075f25abaf&timeline_id=20938","content_type":"application/json","http_code":200,"header_size":397,"request_size":172,"filetime":-1,"ssl_verify_result":0,"redirect_count":0,"total_time":0.117067,"namelookup_time":3.2e-5,"connect_time":0.000281,"pretransfer_time":0.008589,"size_upload":0,"size_download":475,"speed_download":4057,"speed_upload":0,"download_content_length":475,"upload_content_length":0,"starttransfer_time":0.117031,"redirect_time":0,"redirect_url":"","primary_ip":"150.107.31.9","certinfo":[],"primary_port":443,"local_ip":"150.107.31.21","local_port":46289}} []
[2015-10-21 20:48:48] production.INFO: ========== Follow post ========== [] []
[2015-10-21 20:49:07] production.INFO: ========== Follow post ========== [] []
[2015-10-21 21:07:24] production.INFO: ========== Follow post ========== [] []
[2015-10-21 21:09:16] production.INFO: Result {"headers":{"HTTP/1.1":"200 OK","Server":"nginx/1.0.15","Date":"Wed, 21 Oct 2015 14:16:52 GMT","Content-Type":"application/json","Connection":"keep-alive","X-Powered-By":"PHP/5.4.37","Set-Cookie":"PHPSESSID=fofp4tdhq03u80aa0hlcblgpa5; path=/","Expires":"Thu, 19 Nov 1981 08:52:00 GMT","Cache-Control":"no-store, no-cache, must-revalidate, post-check=0, pre-check=0","Pragma":"no-cache","Content-Length":"14","Front-End-Https":"on"},"body":"{\"status\":200}","info":{"url":"https://www.vdomax.com/ajax.php?t=user&a=settings&mobile=1&user_id=20938&user_pass=3e8c03aa7e441ac769afb4075f25abaf","content_type":"application/json","http_code":200,"header_size":396,"request_size":349,"filetime":-1,"ssl_verify_result":0,"redirect_count":0,"total_time":0.364362,"namelookup_time":0.252888,"connect_time":0.253243,"pretransfer_time":0.263457,"size_upload":133,"size_download":14,"speed_download":38,"speed_upload":365,"download_content_length":14,"upload_content_length":133,"starttransfer_time":0.364324,"redirect_time":0,"redirect_url":"","primary_ip":"150.107.31.9","certinfo":[],"primary_port":443,"local_ip":"150.107.31.21","local_port":47627}} []
[2015-10-21 21:09:28] production.INFO: Result {"headers":{"HTTP/1.1":"200 OK","Server":"nginx/1.0.15","Date":"Wed, 21 Oct 2015 14:17:05 GMT","Content-Type":"application/json","Connection":"keep-alive","X-Powered-By":"PHP/5.4.37","Set-Cookie":"PHPSESSID=ba126hu1p5rrtk5109j0r9m0k0; path=/","Expires":"Thu, 19 Nov 1981 08:52:00 GMT","Cache-Control":"no-store, no-cache, must-revalidate, post-check=0, pre-check=0","Pragma":"no-cache","Content-Length":"372","Front-End-Https":"on"},"body":"{\"status\":417,\"logged\":false,\"basedir\":\"\\/home\\/vdomax\",\"debug\":{\"language\":\"english\",\"basedir3\":\"\\/home\\/vdomax\\/assets\\/includes\",\"basedir2\":\"\\/home\\/vdomax\\/assets\\/includes\",\"basedir\":\"\\/home\\/vdomax\",\"user_id\":\"20938\",\"user_pass\":\"3e8c03aa7e441ac769afb4075f25abaf\",\"captcha_key\":\"123456\",\"fb_391414774312517_state\":\"3e8c03aa7e441ac769afb4075f25abaf\"},\"SK_isLogged\":1}","info":{"url":"https://www.vdomax.com/ajax.php?t=user&a=settings&mobile=1&user_id=20938&user_pass=3e8c03aa7e441ac769afb4075f25abaf","content_type":"application/json","http_code":200,"header_size":397,"request_size":349,"filetime":-1,"ssl_verify_result":0,"redirect_count":0,"total_time":0.184114,"namelookup_time":0.060604,"connect_time":0.060879,"pretransfer_time":0.069368,"size_upload":133,"size_download":372,"speed_download":2020,"speed_upload":722,"download_content_length":372,"upload_content_length":133,"starttransfer_time":0.184079,"redirect_time":0,"redirect_url":"","primary_ip":"150.107.31.9","certinfo":[],"primary_port":443,"local_ip":"150.107.31.21","local_port":47629}} []
[2015-10-21 21:17:36] production.INFO: Result {"headers":{"HTTP/1.1":"200 OK","Server":"nginx/1.0.15","Date":"Wed, 21 Oct 2015 14:25:13 GMT","Content-Type":"application/json","Connection":"keep-alive","X-Powered-By":"PHP/5.4.37","Set-Cookie":"PHPSESSID=7fmafh59o89q5vj91a2rn14j34; path=/","Expires":"Thu, 19 Nov 1981 08:52:00 GMT","Cache-Control":"no-store, no-cache, must-revalidate, post-check=0, pre-check=0","Pragma":"no-cache","Content-Length":"372","Front-End-Https":"on"},"body":"{\"status\":417,\"logged\":false,\"basedir\":\"\\/home\\/vdomax\",\"debug\":{\"language\":\"english\",\"basedir3\":\"\\/home\\/vdomax\\/assets\\/includes\",\"basedir2\":\"\\/home\\/vdomax\\/assets\\/includes\",\"basedir\":\"\\/home\\/vdomax\",\"user_id\":\"20938\",\"user_pass\":\"3e8c03aa7e441ac769afb4075f25abaf\",\"captcha_key\":\"123456\",\"fb_391414774312517_state\":\"3e8c03aa7e441ac769afb4075f25abaf\"},\"SK_isLogged\":1}","info":{"url":"https://www.vdomax.com/ajax.php?t=user&a=settings&mobile=1&user_id=20938&user_pass=3e8c03aa7e441ac769afb4075f25abaf","content_type":"application/json","http_code":200,"header_size":397,"request_size":350,"filetime":-1,"ssl_verify_result":0,"redirect_count":0,"total_time":0.138613,"namelookup_time":0.060558,"connect_time":0.06081,"pretransfer_time":0.071027,"size_upload":134,"size_download":372,"speed_download":2683,"speed_upload":966,"download_content_length":372,"upload_content_length":134,"starttransfer_time":0.138576,"redirect_time":0,"redirect_url":"","primary_ip":"150.107.31.9","certinfo":[],"primary_port":443,"local_ip":"150.107.31.21","local_port":49841}} []
[2015-10-21 21:18:51] production.INFO: Result {"headers":{"HTTP/1.1":"200 OK","Server":"nginx/1.0.15","Date":"Wed, 21 Oct 2015 14:26:28 GMT","Content-Type":"application/json","Connection":"keep-alive","X-Powered-By":"PHP/5.4.37","Set-Cookie":"PHPSESSID=n2pp67jp36abbfkmmiuesbsip0; path=/","Expires":"Thu, 19 Nov 1981 08:52:00 GMT","Cache-Control":"no-store, no-cache, must-revalidate, post-check=0, pre-check=0","Pragma":"no-cache","Content-Length":"372","Front-End-Https":"on"},"body":"{\"status\":417,\"logged\":false,\"basedir\":\"\\/home\\/vdomax\",\"debug\":{\"language\":\"english\",\"basedir3\":\"\\/home\\/vdomax\\/assets\\/includes\",\"basedir2\":\"\\/home\\/vdomax\\/assets\\/includes\",\"basedir\":\"\\/home\\/vdomax\",\"user_id\":\"20938\",\"user_pass\":\"3e8c03aa7e441ac769afb4075f25abaf\",\"captcha_key\":\"123456\",\"fb_391414774312517_state\":\"3e8c03aa7e441ac769afb4075f25abaf\"},\"SK_isLogged\":1}","info":{"url":"https://www.vdomax.com/ajax.php?t=user&a=settings&mobile=1&user_id=20938&user_pass=3e8c03aa7e441ac769afb4075f25abaf","content_type":"application/json","http_code":200,"header_size":397,"request_size":355,"filetime":-1,"ssl_verify_result":0,"redirect_count":0,"total_time":0.107476,"namelookup_time":0.02844,"connect_time":0.029999,"pretransfer_time":0.038936,"size_upload":139,"size_download":372,"speed_download":3461,"speed_upload":1293,"download_content_length":372,"upload_content_length":139,"starttransfer_time":0.107441,"redirect_time":0,"redirect_url":"","primary_ip":"150.107.31.9","certinfo":[],"primary_port":443,"local_ip":"150.107.31.21","local_port":50213}} []
[2015-10-21 21:19:02] production.INFO: ========== Follow post ========== [] []
[2015-10-21 21:19:23] production.INFO: Result {"headers":{"HTTP/1.1":"200 OK","Server":"nginx/1.0.15","Date":"Wed, 21 Oct 2015 14:26:59 GMT","Content-Type":"application/json","Connection":"keep-alive","X-Powered-By":"PHP/5.4.37","Set-Cookie":"PHPSESSID=f57km1b87ahp033ddl9qc6s3c3; path=/","Expires":"Thu, 19 Nov 1981 08:52:00 GMT","Cache-Control":"no-store, no-cache, must-revalidate, post-check=0, pre-check=0","Pragma":"no-cache","Content-Length":"14","Front-End-Https":"on"},"body":"{\"status\":200}","info":{"url":"https://www.vdomax.com/ajax.php?t=user&a=settings&mobile=1&user_id=20938&user_pass=3e8c03aa7e441ac769afb4075f25abaf","content_type":"application/json","http_code":200,"header_size":396,"request_size":354,"filetime":-1,"ssl_verify_result":0,"redirect_count":0,"total_time":0.373617,"namelookup_time":0.252928,"connect_time":0.253196,"pretransfer_time":0.261986,"size_upload":138,"size_download":14,"speed_download":37,"speed_upload":369,"download_content_length":14,"upload_content_length":138,"starttransfer_time":0.37358,"redirect_time":0,"redirect_url":"","primary_ip":"150.107.31.9","certinfo":[],"primary_port":443,"local_ip":"150.107.31.21","local_port":50237}} []
[2015-10-21 21:19:25] production.INFO: ========== Follow post ========== [] []
[2015-10-21 21:19:37] production.INFO: ========== Follow post ========== [] []
[2015-10-21 21:20:40] production.INFO: ========== Like post ========== [] []
[2015-10-21 21:20:40] production.INFO: Inputs {"id":"237398"} []
[2015-10-21 21:20:40] production.INFO: Result {"headers":{"HTTP/1.1":"200 OK","Server":"nginx/1.0.15","Date":"Wed, 21 Oct 2015 14:28:17 GMT","Content-Type":"application/json","Connection":"keep-alive","X-Powered-By":"PHP/5.4.37","Set-Cookie":"PHPSESSID=51p40mafugcbpd79d5mafdutt2; path=/","Expires":"Thu, 19 Nov 1981 08:52:00 GMT","Cache-Control":"no-store, no-cache, must-revalidate, post-check=0, pre-check=0","Pragma":"no-cache","Content-Length":"475","Front-End-Https":"on"},"body":"{\"status\":200,\"button_html\":\"<button class=\\\"story-like-btn break\\\" type=\\\"button\\\" onclick=\\\"SK_registerStoryLike(237398);\\\" title=\\\"Loved\\\">\\n\\t<i class=\\\"icon-heart progress-icon\\\" data-icon=\\\"heart\\\"><\\/i> <strong>Loved<\\/strong>\\n<\\/button>\",\"activity_html\":\"<span class=\\\"like-activity activity-btn\\\" onclick=\\\"SK_getStoryLikes(237398);\\\" title=\\\"Loves\\\">\\n    1    <i class=\\\"icon-heart progress-icon\\\" data-icon=\\\"heart\\\"><\\/i>\\n<\\/span>\",\"userid\":\"20938\",\"type\":100}","info":{"url":"https://www.vdomax.com/ajax.php?t=post&a=like&post_id=237398&token=&user_id=20938&user_pass=3e8c03aa7e441ac769afb4075f25abaf&timeline_id=20938","content_type":"application/json","http_code":200,"header_size":397,"request_size":172,"filetime":-1,"ssl_verify_result":0,"redirect_count":0,"total_time":0.127597,"namelookup_time":0.060564,"connect_time":0.060918,"pretransfer_time":0.069669,"size_upload":0,"size_download":475,"speed_download":3722,"speed_upload":0,"download_content_length":475,"upload_content_length":0,"starttransfer_time":0.127551,"redirect_time":0,"redirect_url":"","primary_ip":"150.107.31.9","certinfo":[],"primary_port":443,"local_ip":"150.107.31.21","local_port":50416}} []
[2015-10-21 21:20:41] production.INFO: ========== Like post ========== [] []
[2015-10-21 21:20:41] production.INFO: Inputs {"id":"237388"} []
[2015-10-21 21:20:41] production.INFO: Result {"headers":{"HTTP/1.1":"200 OK","Server":"nginx/1.0.15","Date":"Wed, 21 Oct 2015 14:28:17 GMT","Content-Type":"application/json","Connection":"keep-alive","X-Powered-By":"PHP/5.4.37","Set-Cookie":"PHPSESSID=gj8p9m0663ljnstpgvr352jtk3; path=/","Expires":"Thu, 19 Nov 1981 08:52:00 GMT","Cache-Control":"no-store, no-cache, must-revalidate, post-check=0, pre-check=0","Pragma":"no-cache","Content-Length":"475","Front-End-Https":"on"},"body":"{\"status\":200,\"button_html\":\"<button class=\\\"story-like-btn break\\\" type=\\\"button\\\" onclick=\\\"SK_registerStoryLike(237388);\\\" title=\\\"Loved\\\">\\n\\t<i class=\\\"icon-heart progress-icon\\\" data-icon=\\\"heart\\\"><\\/i> <strong>Loved<\\/strong>\\n<\\/button>\",\"activity_html\":\"<span class=\\\"like-activity activity-btn\\\" onclick=\\\"SK_getStoryLikes(237388);\\\" title=\\\"Loves\\\">\\n    1    <i class=\\\"icon-heart progress-icon\\\" data-icon=\\\"heart\\\"><\\/i>\\n<\\/span>\",\"userid\":\"20938\",\"type\":100}","info":{"url":"https://www.vdomax.com/ajax.php?t=post&a=like&post_id=237388&token=&user_id=20938&user_pass=3e8c03aa7e441ac769afb4075f25abaf&timeline_id=20938","content_type":"application/json","http_code":200,"header_size":397,"request_size":172,"filetime":-1,"ssl_verify_result":0,"redirect_count":0,"total_time":0.072494,"namelookup_time":3.1e-5,"connect_time":0.00028,"pretransfer_time":0.013336,"size_upload":0,"size_download":475,"speed_download":6552,"speed_upload":0,"download_content_length":475,"upload_content_length":0,"starttransfer_time":0.072462,"redirect_time":0,"redirect_url":"","primary_ip":"150.107.31.9","certinfo":[],"primary_port":443,"local_ip":"150.107.31.21","local_port":50422}} []
[2015-10-21 21:31:32] production.INFO: ========== Follow post ========== [] []
[2015-10-21 21:31:49] production.INFO: ========== Follow post ========== [] []
[2015-10-21 21:55:03] production.INFO: ========== Follow post ========== [] []
[2015-10-21 21:56:27] production.INFO: ========== Follow post ========== [] []
[2015-10-21 21:57:08] production.INFO: ========== Follow post ========== [] []
[2015-10-21 22:13:11] production.INFO: ========== Follow post ========== [] []
[2015-10-21 22:13:14] production.INFO: ========== Follow post ========== [] []
[2015-10-21 22:22:17] production.INFO: ========== Follow post ========== [] []
[2015-10-21 22:22:50] production.INFO: ========== Follow post ========== [] []
[2015-10-21 22:23:32] production.INFO: ========== Follow post ========== [] []
[2015-10-21 22:24:02] production.INFO: ========== Follow post ========== [] []
[2015-10-21 22:24:07] production.INFO: ========== Follow post ========== [] []
[2015-10-21 22:24:36] production.INFO: ========== Follow post ========== [] []
[2015-10-21 22:25:38] production.INFO: ========== Follow post ========== [] []
[2015-10-21 22:27:25] production.INFO: ========== Follow post ========== [] []
[2015-10-21 22:27:43] production.INFO: ========== Follow post ========== [] []
[2015-10-21 22:35:42] production.INFO: ========== Follow post ========== [] []
[2015-10-21 22:36:35] production.INFO: ========== Follow post ========== [] []
[2015-10-21 22:37:23] production.INFO: ========== Follow post ========== [] []
[2015-10-21 22:40:37] production.INFO: ========== Follow post ========== [] []
[2015-10-21 22:40:57] production.INFO: ========== Follow post ========== [] []
[2015-10-21 22:41:14] production.INFO: ========== Follow post ========== [] []
[2015-10-21 22:41:45] production.INFO: ========== Follow post ========== [] []
[2015-10-21 22:42:05] production.INFO: ========== Follow post ========== [] []
[2015-10-21 22:43:05] production.INFO: ========== Follow post ========== [] []
[2015-10-21 22:45:10] production.INFO: ========== Follow post ========== [] []
[2015-10-21 22:45:24] production.INFO: ========== Follow post ========== [] []
[2015-10-21 22:45:56] production.INFO: ========== Follow post ========== [] []
[2015-10-21 22:46:11] production.INFO: ========== Follow post ========== [] []
[2015-10-21 22:46:21] production.INFO: ========== Follow post ========== [] []
[2015-10-21 22:46:51] production.INFO: ========== Follow post ========== [] []
[2015-10-21 22:47:07] production.INFO: ========== Follow post ========== [] []
[2015-10-21 22:47:10] production.INFO: ========== Follow post ========== [] []
[2015-10-21 22:48:34] production.INFO: ========== Follow post ========== [] []
[2015-10-21 22:50:56] production.INFO: ========== Follow post ========== [] []
[2015-10-21 22:52:03] production.INFO: ========== Follow post ========== [] []
[2015-10-21 22:52:53] production.INFO: ========== Follow post ========== [] []
[2015-10-21 22:55:54] production.INFO: ========== Follow post ========== [] []
[2015-10-21 22:57:53] production.INFO: ========== Follow post ========== [] []
[2015-10-21 23:02:05] production.INFO: ========== Follow post ========== [] []
[2015-10-21 23:02:24] production.INFO: ========== Follow post ========== [] []
[2015-10-21 23:02:30] production.INFO: ========== Follow post ========== [] []
[2015-10-21 23:12:14] production.INFO: ========== Follow post ========== [] []
[2015-10-21 23:15:28] production.INFO: ========== Follow post ========== [] []
[2015-10-21 23:15:53] production.INFO: ========== Follow post ========== [] []
[2015-10-21 23:18:06] production.INFO: ========== Follow post ========== [] []
[2015-10-21 23:18:08] production.INFO: ========== Follow post ========== [] []
[2015-10-21 23:18:21] production.INFO: ========== Follow post ========== [] []
[2015-10-21 23:45:17] production.INFO: ========== Follow post ========== [] []
[2015-10-21 23:47:15] production.INFO: ========== Follow post ========== [] []
[2015-10-21 23:52:05] production.INFO: ========== Follow post ========== [] []
[2015-10-21 23:53:02] production.INFO: ========== Follow post ========== [] []
[2015-10-21 23:53:20] production.INFO: ========== Follow post ========== [] []
[2015-10-21 23:54:22] production.INFO: ========== Follow post ========== [] []
[2015-10-21 23:59:11] production.INFO: ========== Follow post ========== [] []
