[2015-10-23 00:03:21] production.INFO: ========== Follow post ========== [] []
[2015-10-23 00:04:43] production.INFO: ========== Follow post ========== [] []
[2015-10-23 00:13:19] production.INFO: ========== Follow post ========== [] []
[2015-10-23 00:13:32] production.INFO: ========== Follow post ========== [] []
[2015-10-23 00:16:16] production.INFO: ========== Follow post ========== [] []
[2015-10-23 01:26:19] production.INFO: ========== Follow post ========== [] []
[2015-10-23 01:26:41] production.INFO: ========== Follow post ========== [] []
[2015-10-23 01:29:03] production.INFO: ========== Follow post ========== [] []
[2015-10-23 07:49:09] production.INFO: ========== Follow post ========== [] []
[2015-10-23 09:41:43] production.INFO: ========== Like post ========== [] []
[2015-10-23 09:41:43] production.INFO: Inputs {"id":"235187"} []
[2015-10-23 09:41:43] production.INFO: Result {"headers":{"HTTP/1.1":"200 OK","Server":"nginx/1.0.15","Date":"Fri, 23 Oct 2015 02:49:24 GMT","Content-Type":"application/json","Connection":"keep-alive","X-Powered-By":"PHP/5.4.37","Set-Cookie":"PHPSESSID=28te703nknrvll2j88sbhj06q2; path=/","Expires":"Thu, 19 Nov 1981 08:52:00 GMT","Cache-Control":"no-store, no-cache, must-revalidate, post-check=0, pre-check=0","Pragma":"no-cache","Content-Length":"472","Front-End-Https":"on"},"body":"{\"status\":200,\"button_html\":\"<button class=\\\"story-like-btn break\\\" type=\\\"button\\\" onclick=\\\"SK_registerStoryLike(235187);\\\" title=\\\"Loved\\\">\\n\\t<i class=\\\"icon-heart progress-icon\\\" data-icon=\\\"heart\\\"><\\/i> <strong>Loved<\\/strong>\\n<\\/button>\",\"activity_html\":\"<span class=\\\"like-activity activity-btn\\\" onclick=\\\"SK_getStoryLikes(235187);\\\" title=\\\"Loves\\\">\\n    3    <i class=\\\"icon-heart progress-icon\\\" data-icon=\\\"heart\\\"><\\/i>\\n<\\/span>\",\"userid\":\"48\",\"type\":100}","info":{"url":"https://www.vdomax.com/ajax.php?t=post&a=like&post_id=235187&token=&user_id=21084&user_pass=3fc77553f6665675a4aa8e4e6e685492&timeline_id=21084","content_type":"application/json","http_code":200,"header_size":397,"request_size":172,"filetime":-1,"ssl_verify_result":0,"redirect_count":0,"total_time":0.149881,"namelookup_time":0.060459,"connect_time":0.060723,"pretransfer_time":0.069498,"size_upload":0,"size_download":472,"speed_download":3149,"speed_upload":0,"download_content_length":472,"upload_content_length":0,"starttransfer_time":0.149855,"redirect_time":0,"redirect_url":"","primary_ip":"150.107.31.9","certinfo":[],"primary_port":443,"local_ip":"150.107.31.21","local_port":35211}} []
[2015-10-23 09:41:45] production.INFO: ========== Like post ========== [] []
[2015-10-23 09:41:45] production.INFO: Inputs {"id":"230193"} []
[2015-10-23 09:41:45] production.INFO: Result {"headers":{"HTTP/1.1":"200 OK","Server":"nginx/1.0.15","Date":"Fri, 23 Oct 2015 02:49:26 GMT","Content-Type":"application/json","Connection":"keep-alive","X-Powered-By":"PHP/5.4.37","Set-Cookie":"PHPSESSID=vdonjdnf5rpfbdmp2uk3air1k4; path=/","Expires":"Thu, 19 Nov 1981 08:52:00 GMT","Cache-Control":"no-store, no-cache, must-revalidate, post-check=0, pre-check=0","Pragma":"no-cache","Content-Length":"472","Front-End-Https":"on"},"body":"{\"status\":200,\"button_html\":\"<button class=\\\"story-like-btn break\\\" type=\\\"button\\\" onclick=\\\"SK_registerStoryLike(230193);\\\" title=\\\"Loved\\\">\\n\\t<i class=\\\"icon-heart progress-icon\\\" data-icon=\\\"heart\\\"><\\/i> <strong>Loved<\\/strong>\\n<\\/button>\",\"activity_html\":\"<span class=\\\"like-activity activity-btn\\\" onclick=\\\"SK_getStoryLikes(230193);\\\" title=\\\"Loves\\\">\\n    1    <i class=\\\"icon-heart progress-icon\\\" data-icon=\\\"heart\\\"><\\/i>\\n<\\/span>\",\"userid\":\"48\",\"type\":100}","info":{"url":"https://www.vdomax.com/ajax.php?t=post&a=like&post_id=230193&token=&user_id=21084&user_pass=3fc77553f6665675a4aa8e4e6e685492&timeline_id=21084","content_type":"application/json","http_code":200,"header_size":397,"request_size":172,"filetime":-1,"ssl_verify_result":0,"redirect_count":0,"total_time":0.150025,"namelookup_time":0.06041,"connect_time":0.060662,"pretransfer_time":0.069547,"size_upload":0,"size_download":472,"speed_download":3146,"speed_upload":0,"download_content_length":472,"upload_content_length":0,"starttransfer_time":0.149991,"redirect_time":0,"redirect_url":"","primary_ip":"150.107.31.9","certinfo":[],"primary_port":443,"local_ip":"150.107.31.21","local_port":35222}} []
[2015-10-23 09:44:25] production.INFO: ========== Follow post ========== [] []
[2015-10-23 09:44:45] production.INFO: ========== Follow post ========== [] []
[2015-10-23 10:06:27] production.INFO: ========== Follow post ========== [] []
[2015-10-23 10:08:16] production.INFO: ========== Follow post ========== [] []
[2015-10-23 11:23:16] production.INFO: ========== Follow post ========== [] []
[2015-10-23 11:23:27] production.INFO: ========== Follow post ========== [] []
[2015-10-23 13:57:11] production.INFO: ========== Follow post ========== [] []
[2015-10-23 13:57:28] production.INFO: ========== Follow post ========== [] []
[2015-10-23 16:26:51] production.INFO: ========== Follow post ========== [] []
[2015-10-23 16:26:56] production.INFO: ========== Follow post ========== [] []
[2015-10-23 18:14:21] production.INFO: ========== Follow post ========== [] []
[2015-10-23 18:16:19] production.INFO: ========== Follow post ========== [] []
[2015-10-23 19:41:20] production.INFO: ========== Follow post ========== [] []
[2015-10-23 19:41:52] production.INFO: ========== Follow post ========== [] []
[2015-10-23 19:54:17] production.INFO: ========== Follow post ========== [] []
[2015-10-23 19:55:39] production.INFO: ========== Follow post ========== [] []
[2015-10-23 20:21:02] production.INFO: ========== Follow post ========== [] []
[2015-10-23 20:33:30] production.INFO: ========== Follow post ========== [] []
[2015-10-23 20:33:40] production.INFO: ========== Follow post ========== [] []
[2015-10-23 20:39:22] production.INFO: ========== Follow post ========== [] []
[2015-10-23 20:40:40] production.INFO: ========== Follow post ========== [] []
[2015-10-23 20:41:19] production.INFO: ========== Follow post ========== [] []
[2015-10-23 20:45:30] production.INFO: ========== Follow post ========== [] []
[2015-10-23 20:48:20] production.INFO: ========== Follow post ========== [] []
[2015-10-23 20:51:03] production.INFO: ========== Follow post ========== [] []
[2015-10-23 20:55:33] production.INFO: ========== Follow post ========== [] []
[2015-10-23 21:57:47] production.INFO: ========== Follow post ========== [] []
[2015-10-23 22:48:20] production.INFO: ========== Follow post ========== [] []
[2015-10-23 22:59:50] production.INFO: ========== Follow post ========== [] []
[2015-10-23 23:36:14] production.INFO: ========== Follow post ========== [] []
[2015-10-23 23:36:42] production.INFO: ========== Follow post ========== [] []
[2015-10-23 23:44:09] production.INFO: ========== Follow post ========== [] []
[2015-10-23 23:50:57] production.INFO: ========== Follow post ========== [] []
[2015-10-23 23:51:29] production.INFO: ========== Follow post ========== [] []
[2015-10-23 23:55:19] production.INFO: ========== Follow post ========== [] []
[2015-10-23 23:58:36] production.INFO: ========== Follow post ========== [] []
[2015-10-24 00:00:00] production.INFO: ========== Follow post ========== [] []
