[2015-10-27 09:49:52] production.INFO: ========== Follow post ========== [] []
[2015-10-27 09:52:10] production.INFO: ========== Follow post ========== [] []
[2015-10-27 10:21:24] production.INFO: ========== Follow post ========== [] []
[2015-10-27 10:21:31] production.INFO: ========== Follow post ========== [] []
[2015-10-27 10:26:56] production.INFO: ========== Follow post ========== [] []
[2015-10-27 11:50:33] production.INFO: ========== Follow post ========== [] []
[2015-10-27 11:52:34] production.INFO: ========== Follow post ========== [] []
[2015-10-27 12:25:57] production.INFO: ========== Follow post ========== [] []
[2015-10-27 12:34:42] production.INFO: ========== Follow post ========== [] []
[2015-10-27 12:35:14] production.INFO: ========== Follow post ========== [] []
[2015-10-27 13:22:03] production.INFO: ========== Follow post ========== [] []
[2015-10-27 13:22:28] production.INFO: ========== Follow post ========== [] []
[2015-10-27 13:23:54] production.INFO: ========== Follow post ========== [] []
[2015-10-27 13:24:17] production.INFO: ========== Follow post ========== [] []
[2015-10-27 13:25:31] production.INFO: ========== Follow post ========== [] []
[2015-10-27 13:25:48] production.INFO: ========== Follow post ========== [] []
[2015-10-27 13:28:14] production.INFO: ========== Follow post ========== [] []
[2015-10-27 13:28:23] production.INFO: ========== Follow post ========== [] []
[2015-10-27 13:49:21] production.INFO: ========== Follow post ========== [] []
[2015-10-27 13:57:53] production.INFO: ========== Follow post ========== [] []
[2015-10-27 13:59:04] production.INFO: ========== Follow post ========== [] []
[2015-10-27 14:02:08] production.INFO: ========== Follow post ========== [] []
[2015-10-27 14:06:53] production.INFO: ========== Follow post ========== [] []
[2015-10-27 14:07:07] production.INFO: ========== Follow post ========== [] []
[2015-10-27 14:14:21] production.INFO: ========== Like post ========== [] []
[2015-10-27 14:14:21] production.INFO: Inputs {"id":"236101"} []
[2015-10-27 14:14:22] production.INFO: Result {"headers":{"HTTP/1.1":"200 OK","Server":"nginx/1.0.15","Date":"Tue, 27 Oct 2015 07:22:15 GMT","Content-Type":"application/json","Connection":"keep-alive","X-Powered-By":"PHP/5.4.37","Set-Cookie":"PHPSESSID=9405hevp0373gdk1srat2mcee7; path=/","Expires":"Thu, 19 Nov 1981 08:52:00 GMT","Cache-Control":"no-store, no-cache, must-revalidate, post-check=0, pre-check=0","Pragma":"no-cache","Content-Length":"473","Front-End-Https":"on"},"body":"{\"status\":200,\"button_html\":\"<button class=\\\"story-like-btn break\\\" type=\\\"button\\\" onclick=\\\"SK_registerStoryLike(236101);\\\" title=\\\"Loved\\\">\\n\\t<i class=\\\"icon-heart progress-icon\\\" data-icon=\\\"heart\\\"><\\/i> <strong>Loved<\\/strong>\\n<\\/button>\",\"activity_html\":\"<span class=\\\"like-activity activity-btn\\\" onclick=\\\"SK_getStoryLikes(236101);\\\" title=\\\"Loves\\\">\\n    1    <i class=\\\"icon-heart progress-icon\\\" data-icon=\\\"heart\\\"><\\/i>\\n<\\/span>\",\"userid\":\"324\",\"type\":100}","info":{"url":"https://www.vdomax.com/ajax.php?t=post&a=like&post_id=236101&token=&user_id=263&user_pass=b7c0cc8fc798e8da8daf5370880066ef&timeline_id=263","content_type":"application/json","http_code":200,"header_size":397,"request_size":168,"filetime":-1,"ssl_verify_result":0,"redirect_count":0,"total_time":0.385215,"namelookup_time":0.253017,"connect_time":0.253312,"pretransfer_time":0.262267,"size_upload":0,"size_download":473,"speed_download":1227,"speed_upload":0,"download_content_length":473,"upload_content_length":0,"starttransfer_time":0.385099,"redirect_time":0,"redirect_url":"","primary_ip":"150.107.31.9","certinfo":[],"primary_port":443,"local_ip":"150.107.31.21","local_port":42268}} []
[2015-10-27 14:14:22] production.INFO: ========== Like post ========== [] []
[2015-10-27 14:14:22] production.INFO: Inputs {"id":"236105"} []
[2015-10-27 14:14:22] production.INFO: Result {"headers":{"HTTP/1.1":"200 OK","Server":"nginx/1.0.15","Date":"Tue, 27 Oct 2015 07:22:16 GMT","Content-Type":"application/json","Connection":"keep-alive","X-Powered-By":"PHP/5.4.37","Set-Cookie":"PHPSESSID=fu3p0l6pa73er5c9oshdhnhho4; path=/","Expires":"Thu, 19 Nov 1981 08:52:00 GMT","Cache-Control":"no-store, no-cache, must-revalidate, post-check=0, pre-check=0","Pragma":"no-cache","Content-Length":"473","Front-End-Https":"on"},"body":"{\"status\":200,\"button_html\":\"<button class=\\\"story-like-btn break\\\" type=\\\"button\\\" onclick=\\\"SK_registerStoryLike(236105);\\\" title=\\\"Loved\\\">\\n\\t<i class=\\\"icon-heart progress-icon\\\" data-icon=\\\"heart\\\"><\\/i> <strong>Loved<\\/strong>\\n<\\/button>\",\"activity_html\":\"<span class=\\\"like-activity activity-btn\\\" onclick=\\\"SK_getStoryLikes(236105);\\\" title=\\\"Loves\\\">\\n    1    <i class=\\\"icon-heart progress-icon\\\" data-icon=\\\"heart\\\"><\\/i>\\n<\\/span>\",\"userid\":\"324\",\"type\":100}","info":{"url":"https://www.vdomax.com/ajax.php?t=post&a=like&post_id=236105&token=&user_id=263&user_pass=b7c0cc8fc798e8da8daf5370880066ef&timeline_id=263","content_type":"application/json","http_code":200,"header_size":397,"request_size":168,"filetime":-1,"ssl_verify_result":0,"redirect_count":0,"total_time":0.153342,"namelookup_time":0.060597,"connect_time":0.060876,"pretransfer_time":0.069613,"size_upload":0,"size_download":473,"speed_download":3084,"speed_upload":0,"download_content_length":473,"upload_content_length":0,"starttransfer_time":0.153303,"redirect_time":0,"redirect_url":"","primary_ip":"150.107.31.9","certinfo":[],"primary_port":443,"local_ip":"150.107.31.21","local_port":42279}} []
[2015-10-27 14:15:18] production.INFO: ========== Follow post ========== [] []
[2015-10-27 14:23:10] production.INFO: ========== Follow post ========== [] []
[2015-10-27 14:23:18] production.INFO: ========== Follow post ========== [] []
[2015-10-27 15:07:27] production.INFO: ========== Follow post ========== [] []
[2015-10-27 15:07:41] production.INFO: ========== Follow post ========== [] []
[2015-10-27 15:09:19] production.INFO: ========== Follow post ========== [] []
[2015-10-27 15:53:10] production.INFO: ========== Follow post ========== [] []
[2015-10-27 16:08:09] production.INFO: ========== Follow post ========== [] []
[2015-10-27 16:08:25] production.INFO: ========== Follow post ========== [] []
[2015-10-27 16:17:19] production.INFO: ========== Follow post ========== [] []
[2015-10-27 16:21:27] production.INFO: ========== Follow post ========== [] []
[2015-10-27 16:21:47] production.INFO: ========== Follow post ========== [] []
[2015-10-27 16:25:07] production.INFO: ========== Follow post ========== [] []
[2015-10-27 16:25:27] production.INFO: ========== Follow post ========== [] []
[2015-10-27 17:13:14] production.INFO: ========== Follow post ========== [] []
[2015-10-27 17:13:28] production.INFO: ========== Follow post ========== [] []
[2015-10-27 18:09:59] production.INFO: ========== Follow post ========== [] []
[2015-10-27 18:10:19] production.INFO: ========== Follow post ========== [] []
[2015-10-27 18:19:26] production.INFO: ========== Follow post ========== [] []
[2015-10-27 19:06:45] production.INFO: ========== Follow post ========== [] []
[2015-10-27 19:40:39] production.INFO: ========== Follow post ========== [] []
[2015-10-27 20:20:34] production.INFO: ========== Follow post ========== [] []
[2015-10-27 20:21:13] production.INFO: ========== Follow post ========== [] []
[2015-10-27 20:57:06] production.INFO: ========== Follow post ========== [] []
[2015-10-27 20:57:27] production.INFO: ========== Follow post ========== [] []
[2015-10-27 20:57:38] production.INFO: ========== Follow post ========== [] []
[2015-10-27 20:58:10] production.INFO: ========== Follow post ========== [] []
[2015-10-27 20:58:12] production.INFO: ========== Follow post ========== [] []
[2015-10-27 20:58:31] production.INFO: ========== Follow post ========== [] []
[2015-10-27 20:58:51] production.INFO: ========== Follow post ========== [] []
[2015-10-27 20:59:20] production.INFO: ========== Follow post ========== [] []
[2015-10-27 20:59:21] production.INFO: ========== Follow post ========== [] []
[2015-10-27 20:59:52] production.INFO: ========== Follow post ========== [] []
[2015-10-27 21:00:09] production.INFO: ========== Follow post ========== [] []
[2015-10-27 21:00:14] production.INFO: ========== Follow post ========== [] []
[2015-10-27 21:12:20] production.INFO: ========== Follow post ========== [] []
[2015-10-27 21:13:09] production.INFO: ========== Follow post ========== [] []
[2015-10-27 21:29:48] production.INFO: ========== Follow post ========== [] []
[2015-10-27 21:30:23] production.INFO: ========== Follow post ========== [] []
[2015-10-27 21:30:43] production.INFO: ========== Follow post ========== [] []
[2015-10-27 21:30:59] production.INFO: ========== Follow post ========== [] []
[2015-10-27 21:31:51] production.INFO: ========== Follow post ========== [] []
[2015-10-27 21:32:47] production.INFO: ========== Follow post ========== [] []
[2015-10-27 21:33:14] production.INFO: ========== Follow post ========== [] []
[2015-10-27 21:33:42] production.INFO: ========== Follow post ========== [] []
[2015-10-27 21:35:29] production.INFO: ========== Follow post ========== [] []
[2015-10-27 21:35:49] production.INFO: ========== Follow post ========== [] []
[2015-10-27 21:35:57] production.INFO: ========== Follow post ========== [] []
[2015-10-27 21:36:00] production.INFO: ========== Follow post ========== [] []
[2015-10-27 21:36:06] production.INFO: ========== Follow post ========== [] []
[2015-10-27 21:36:12] production.INFO: ========== Follow post ========== [] []
[2015-10-27 21:36:30] production.INFO: ========== Follow post ========== [] []
[2015-10-27 21:37:21] production.INFO: ========== Follow post ========== [] []
[2015-10-27 21:37:46] production.INFO: ========== Follow post ========== [] []
[2015-10-27 21:38:24] production.INFO: ========== Follow post ========== [] []
[2015-10-27 21:38:34] production.INFO: ========== Follow post ========== [] []
[2015-10-27 21:39:09] production.INFO: ========== Follow post ========== [] []
[2015-10-27 21:39:21] production.INFO: ========== Follow post ========== [] []
[2015-10-27 21:40:46] production.INFO: ========== Follow post ========== [] []
[2015-10-27 21:40:55] production.INFO: ========== Follow post ========== [] []
[2015-10-27 21:41:05] production.INFO: ========== Follow post ========== [] []
[2015-10-27 21:41:22] production.INFO: ========== Follow post ========== [] []
[2015-10-27 21:41:38] production.INFO: ========== Follow post ========== [] []
[2015-10-27 21:52:41] production.INFO: ========== Follow post ========== [] []
[2015-10-27 21:53:07] production.INFO: ========== Follow post ========== [] []
[2015-10-27 21:53:56] production.INFO: ========== Follow post ========== [] []
[2015-10-27 21:54:38] production.INFO: ========== Follow post ========== [] []
[2015-10-27 21:54:50] production.INFO: ========== Follow post ========== [] []
[2015-10-27 21:56:49] production.INFO: ========== Follow post ========== [] []
[2015-10-27 21:57:08] production.INFO: ========== Follow post ========== [] []
[2015-10-27 21:58:09] production.INFO: ========== Follow post ========== [] []
[2015-10-27 21:58:43] production.INFO: ========== Follow post ========== [] []
[2015-10-27 22:01:42] production.INFO: ========== Follow post ========== [] []
[2015-10-27 22:02:42] production.INFO: ========== Follow post ========== [] []
[2015-10-27 22:04:08] production.INFO: ========== Follow post ========== [] []
[2015-10-27 22:04:14] production.INFO: ========== Follow post ========== [] []
[2015-10-27 22:15:02] production.INFO: ========== Follow post ========== [] []
[2015-10-27 22:16:13] production.INFO: ========== Follow post ========== [] []
[2015-10-27 22:18:16] production.INFO: ========== Follow post ========== [] []
[2015-10-27 22:18:21] production.INFO: ========== Follow post ========== [] []
[2015-10-27 22:18:36] production.INFO: ========== Follow post ========== [] []
[2015-10-27 22:19:51] production.INFO: ========== Follow post ========== [] []
[2015-10-27 22:21:27] production.INFO: ========== Follow post ========== [] []
[2015-10-27 22:21:44] production.INFO: ========== Follow post ========== [] []
[2015-10-27 22:30:57] production.INFO: ========== Follow post ========== [] []
[2015-10-27 22:31:14] production.INFO: ========== Follow post ========== [] []
[2015-10-27 22:33:17] production.INFO: ========== Follow post ========== [] []
[2015-10-27 22:36:26] production.INFO: ========== Follow post ========== [] []
[2015-10-27 22:37:05] production.INFO: ========== Follow post ========== [] []
[2015-10-27 22:37:19] production.INFO: ========== Follow post ========== [] []
[2015-10-27 22:38:04] production.INFO: ========== Follow post ========== [] []
[2015-10-27 22:38:16] production.INFO: ========== Follow post ========== [] []
[2015-10-27 22:38:34] production.INFO: ========== Follow post ========== [] []
[2015-10-27 22:38:47] production.INFO: ========== Follow post ========== [] []
[2015-10-27 22:38:49] production.INFO: ========== Follow post ========== [] []
[2015-10-27 22:39:02] production.INFO: ========== Follow post ========== [] []
[2015-10-27 22:39:19] production.INFO: ========== Follow post ========== [] []
[2015-10-27 22:39:31] production.INFO: ========== Follow post ========== [] []
[2015-10-27 22:39:34] production.INFO: ========== Follow post ========== [] []
[2015-10-27 22:40:24] production.INFO: ========== Follow post ========== [] []
[2015-10-27 22:40:29] production.INFO: ========== Follow post ========== [] []
[2015-10-27 22:40:38] production.INFO: ========== Follow post ========== [] []
[2015-10-27 22:41:29] production.INFO: ========== Follow post ========== [] []
[2015-10-27 22:41:42] production.INFO: ========== Follow post ========== [] []
[2015-10-27 22:42:09] production.INFO: ========== Follow post ========== [] []
[2015-10-27 22:42:29] production.INFO: ========== Follow post ========== [] []
[2015-10-27 22:42:43] production.INFO: ========== Follow post ========== [] []
[2015-10-27 22:43:21] production.INFO: ========== Follow post ========== [] []
[2015-10-27 22:43:49] production.INFO: ========== Follow post ========== [] []
[2015-10-27 22:55:25] production.INFO: ========== Follow post ========== [] []
[2015-10-27 22:55:32] production.INFO: ========== Follow post ========== [] []
[2015-10-27 22:55:37] production.INFO: ========== Follow post ========== [] []
[2015-10-27 22:56:27] production.INFO: ========== Follow post ========== [] []
[2015-10-27 22:57:26] production.INFO: ========== Follow post ========== [] []
[2015-10-27 22:57:39] production.INFO: ========== Follow post ========== [] []
[2015-10-27 23:01:09] production.INFO: ========== Follow post ========== [] []
[2015-10-27 23:01:33] production.INFO: ========== Follow post ========== [] []
[2015-10-27 23:01:43] production.INFO: ========== Follow post ========== [] []
[2015-10-27 23:17:40] production.INFO: ========== Follow post ========== [] []
[2015-10-27 23:22:41] production.INFO: ========== Follow post ========== [] []
[2015-10-27 23:23:29] production.INFO: ========== Follow post ========== [] []
[2015-10-27 23:26:17] production.INFO: ========== Follow post ========== [] []
[2015-10-27 23:28:49] production.INFO: ========== Follow post ========== [] []
[2015-10-27 23:29:40] production.INFO: ========== Follow post ========== [] []
[2015-10-27 23:30:10] production.INFO: ========== Follow post ========== [] []
[2015-10-27 23:30:52] production.INFO: ========== Follow post ========== [] []
[2015-10-27 23:36:44] production.INFO: ========== Follow post ========== [] []
[2015-10-27 23:37:14] production.INFO: ========== Follow post ========== [] []
[2015-10-27 23:38:59] production.INFO: ========== Follow post ========== [] []
[2015-10-27 23:39:03] production.INFO: ========== Follow post ========== [] []
[2015-10-27 23:40:03] production.INFO: ========== Follow post ========== [] []
[2015-10-27 23:40:18] production.INFO: ========== Follow post ========== [] []
[2015-10-27 23:40:21] production.INFO: ========== Follow post ========== [] []
[2015-10-27 23:40:29] production.INFO: ========== Follow post ========== [] []
[2015-10-27 23:41:01] production.INFO: ========== Follow post ========== [] []
[2015-10-27 23:41:08] production.INFO: ========== Follow post ========== [] []
[2015-10-27 23:41:41] production.INFO: ========== Follow post ========== [] []
[2015-10-27 23:41:42] production.INFO: ========== Follow post ========== [] []
[2015-10-27 23:41:42] production.INFO: ========== Follow post ========== [] []
[2015-10-27 23:41:47] production.INFO: ========== Follow post ========== [] []
[2015-10-27 23:42:24] production.INFO: ========== Follow post ========== [] []
[2015-10-27 23:42:43] production.INFO: ========== Follow post ========== [] []
[2015-10-27 23:42:46] production.INFO: ========== Follow post ========== [] []
[2015-10-27 23:43:19] production.INFO: ========== Follow post ========== [] []
[2015-10-27 23:43:21] production.INFO: ========== Follow post ========== [] []
[2015-10-27 23:43:27] production.INFO: ========== Follow post ========== [] []
[2015-10-27 23:44:02] production.INFO: ========== Follow post ========== [] []
[2015-10-27 23:44:16] production.INFO: ========== Follow post ========== [] []
[2015-10-27 23:45:59] production.INFO: ========== Follow post ========== [] []
