[2015-09-30 10:10:59] production.INFO: ========== Follow post ========== [] []
[2015-09-30 10:14:35] production.INFO: ========== Follow post ========== [] []
[2015-09-30 10:22:35] production.INFO: ========== Follow post ========== [] []
[2015-09-30 10:23:54] production.INFO: ========== Follow post ========== [] []
[2015-09-30 10:24:01] production.INFO: ========== Follow post ========== [] []
[2015-09-30 10:24:41] production.INFO: ========== Follow post ========== [] []
[2015-09-30 10:25:16] production.INFO: ========== Follow post ========== [] []
[2015-09-30 10:26:10] production.INFO: ========== Follow post ========== [] []
[2015-09-30 10:27:03] production.INFO: ========== Follow post ========== [] []
[2015-09-30 10:27:43] production.INFO: Result {"headers":{"HTTP/1.1":"200 OK","Server":"nginx/1.0.15","Date":"Wed, 30 Sep 2015 03:34:13 GMT","Content-Type":"application/json","Connection":"keep-alive","X-Powered-By":"PHP/5.4.37","Set-Cookie":"PHPSESSID=9oaqfg94j6p1e7v6c41gaf64k5; path=/","Expires":"Thu, 19 Nov 1981 08:52:00 GMT","Cache-Control":"no-store, no-cache, must-revalidate, post-check=0, pre-check=0","Pragma":"no-cache","Content-Length":"115","Front-End-Https":"on"},"body":"{\"status\":417,\"logged\":false,\"basedir\":\"\\/home\\/vdomax\",\"error_message\":\"This Email and Username is not available\"}","info":{"url":"https://www.vdomax.com/ajax.php?t=register&mobile=1","content_type":"application/json","http_code":200,"header_size":397,"request_size":260,"filetime":-1,"ssl_verify_result":0,"redirect_count":0,"total_time":5.568294,"namelookup_time":5.514602,"connect_time":5.51486,"pretransfer_time":5.523179,"size_upload":108,"size_download":115,"speed_download":20,"speed_upload":19,"download_content_length":115,"upload_content_length":108,"starttransfer_time":5.56826,"redirect_time":0,"redirect_url":"","primary_ip":"150.107.31.9","certinfo":[],"primary_port":443,"local_ip":"150.107.31.21","local_port":51683}} []
[2015-09-30 10:29:08] production.INFO: ========== Follow post ========== [] []
[2015-09-30 10:32:25] production.INFO: ========== Follow post ========== [] []
[2015-09-30 10:33:19] production.INFO: ========== Follow post ========== [] []
[2015-09-30 10:37:54] production.INFO: ========== Follow post ========== [] []
[2015-09-30 10:42:15] production.INFO: ========== Follow post ========== [] []
[2015-09-30 10:43:42] production.INFO: ========== Follow post ========== [] []
[2015-09-30 10:48:04] production.INFO: ========== Follow post ========== [] []
[2015-09-30 10:52:23] production.INFO: ========== Follow post ========== [] []
[2015-09-30 10:52:23] production.INFO: ========== Follow post ========== [] []
[2015-09-30 10:52:26] production.INFO: ========== Follow post ========== [] []
[2015-09-30 10:53:23] production.INFO: ========== Follow post ========== [] []
[2015-09-30 10:55:59] production.INFO: ========== Follow post ========== [] []
[2015-09-30 10:56:29] production.INFO: ========== Follow post ========== [] []
[2015-09-30 10:57:05] production.INFO: ========== Follow post ========== [] []
[2015-09-30 10:57:34] production.INFO: ========== Follow post ========== [] []
[2015-09-30 11:00:08] production.INFO: ========== Follow post ========== [] []
[2015-09-30 11:07:59] production.INFO: ========== Follow post ========== [] []
[2015-09-30 11:08:34] production.INFO: ========== Follow post ========== [] []
[2015-09-30 11:10:47] production.INFO: ========== Follow post ========== [] []
[2015-09-30 11:19:29] production.INFO: ========== Follow post ========== [] []
[2015-09-30 11:20:14] production.INFO: ========== Follow post ========== [] []
[2015-09-30 11:26:02] production.INFO: ========== Follow post ========== [] []
[2015-09-30 11:27:32] production.INFO: ========== Follow post ========== [] []
[2015-09-30 11:37:26] production.INFO: ========== Follow post ========== [] []
[2015-09-30 11:37:50] production.INFO: ========== Follow post ========== [] []
[2015-09-30 12:14:30] production.INFO: ========== Follow post ========== [] []
[2015-09-30 12:45:17] production.INFO: ========== Follow post ========== [] []
[2015-09-30 13:11:47] production.INFO: ========== Follow post ========== [] []
[2015-09-30 13:13:00] production.INFO: ========== Follow post ========== [] []
[2015-09-30 13:19:29] production.INFO: ========== Follow post ========== [] []
[2015-09-30 13:20:18] production.INFO: ========== Follow post ========== [] []
[2015-09-30 13:32:09] production.INFO: ========== Follow post ========== [] []
[2015-09-30 14:07:11] production.INFO: ========== Follow post ========== [] []
[2015-09-30 14:07:59] production.INFO: ========== Follow post ========== [] []
[2015-09-30 14:14:05] production.INFO: ========== Follow post ========== [] []
[2015-09-30 14:40:48] production.INFO: ========== Follow post ========== [] []
[2015-09-30 14:58:10] production.INFO: ========== Follow post ========== [] []
[2015-09-30 15:00:00] production.INFO: ========== Follow post ========== [] []
[2015-09-30 15:01:29] production.INFO: ========== Follow post ========== [] []
[2015-09-30 15:02:22] production.INFO: ========== Follow post ========== [] []
[2015-09-30 15:02:49] production.INFO: ========== Follow post ========== [] []
[2015-09-30 15:04:51] production.INFO: ========== Follow post ========== [] []
[2015-09-30 16:49:35] production.INFO: ========== Follow post ========== [] []
[2015-09-30 16:50:04] production.INFO: ========== Follow post ========== [] []
[2015-09-30 16:55:50] production.INFO: ========== Follow post ========== [] []
[2015-09-30 16:56:08] production.INFO: ========== Follow post ========== [] []
[2015-09-30 16:56:09] production.INFO: ========== Follow post ========== [] []
[2015-09-30 16:58:44] production.INFO: ========== Like post ========== [] []
[2015-09-30 16:58:44] production.INFO: Inputs {"id":"236688"} []
[2015-09-30 16:58:45] production.INFO: Result {"headers":{"HTTP/1.1":"200 OK","Server":"nginx/1.0.15","Date":"Wed, 30 Sep 2015 10:05:16 GMT","Content-Type":"application/json","Connection":"keep-alive","X-Powered-By":"PHP/5.4.37","Set-Cookie":"PHPSESSID=01hbtrknbre32mdkb5on288m04; path=/","Expires":"Thu, 19 Nov 1981 08:52:00 GMT","Cache-Control":"no-store, no-cache, must-revalidate, post-check=0, pre-check=0","Pragma":"no-cache","Content-Length":"471","Front-End-Https":"on"},"body":"{\"status\":200,\"button_html\":\"<button class=\\\"story-like-btn break\\\" type=\\\"button\\\" onclick=\\\"SK_registerStoryLike(236688);\\\" title=\\\"Loved\\\">\\n\\t<i class=\\\"icon-heart progress-icon\\\" data-icon=\\\"heart\\\"><\\/i> <strong>Loved<\\/strong>\\n<\\/button>\",\"activity_html\":\"<span class=\\\"like-activity activity-btn\\\" onclick=\\\"SK_getStoryLikes(236688);\\\" title=\\\"Loves\\\">\\n    1    <i class=\\\"icon-heart progress-icon\\\" data-icon=\\\"heart\\\"><\\/i>\\n<\\/span>\",\"userid\":\"6\",\"type\":100}","info":{"url":"https://www.vdomax.com/ajax.php?t=post&a=like&post_id=236688&token=&user_id=6&user_pass=039a726ac0aeec3dde33e45387a7d4ac&timeline_id=6","content_type":"application/json","http_code":200,"header_size":397,"request_size":164,"filetime":-1,"ssl_verify_result":0,"redirect_count":0,"total_time":0.194191,"namelookup_time":0.124583,"connect_time":0.124856,"pretransfer_time":0.133525,"size_upload":0,"size_download":471,"speed_download":2425,"speed_upload":0,"download_content_length":471,"upload_content_length":0,"starttransfer_time":0.194151,"redirect_time":0,"redirect_url":"","primary_ip":"150.107.31.9","certinfo":[],"primary_port":443,"local_ip":"150.107.31.21","local_port":53423}} []
[2015-09-30 16:58:45] production.INFO: ========== Like post ========== [] []
[2015-09-30 16:58:45] production.INFO: Inputs {"id":"236688"} []
[2015-09-30 16:58:46] production.INFO: Result {"headers":{"HTTP/1.1":"200 OK","Server":"nginx/1.0.15","Date":"Wed, 30 Sep 2015 10:05:17 GMT","Content-Type":"application/json","Connection":"keep-alive","X-Powered-By":"PHP/5.4.37","Set-Cookie":"PHPSESSID=4bcfj69bqfp3tqjdsrlc1d6ar7; path=/","Expires":"Thu, 19 Nov 1981 08:52:00 GMT","Cache-Control":"no-store, no-cache, must-revalidate, post-check=0, pre-check=0","Pragma":"no-cache","Content-Length":"448","Front-End-Https":"on"},"body":"{\"status\":200,\"button_html\":\"<button class=\\\"story-like-btn love\\\" type=\\\"button\\\" onclick=\\\"SK_registerStoryLike(236688);\\\" title=\\\"Love\\\">\\n\\t<i class=\\\"icon-heart progress-icon\\\" data-icon=\\\"heart\\\"><\\/i> Love<\\/button>\",\"activity_html\":\"<span class=\\\"like-activity activity-btn\\\" onclick=\\\"SK_getStoryLikes(236688);\\\" title=\\\"Loves\\\">\\n    0    <i class=\\\"icon-heart progress-icon\\\" data-icon=\\\"heart\\\"><\\/i>\\n<\\/span>\",\"userid\":\"6\",\"type\":100}","info":{"url":"https://www.vdomax.com/ajax.php?t=post&a=like&post_id=236688&token=&user_id=6&user_pass=039a726ac0aeec3dde33e45387a7d4ac&timeline_id=6","content_type":"application/json","http_code":200,"header_size":397,"request_size":164,"filetime":-1,"ssl_verify_result":0,"redirect_count":0,"total_time":0.200598,"namelookup_time":0.12465,"connect_time":0.124871,"pretransfer_time":0.134341,"size_upload":0,"size_download":448,"speed_download":2233,"speed_upload":0,"download_content_length":448,"upload_content_length":0,"starttransfer_time":0.200553,"redirect_time":0,"redirect_url":"","primary_ip":"150.107.31.9","certinfo":[],"primary_port":443,"local_ip":"150.107.31.21","local_port":53429}} []
[2015-09-30 16:58:46] production.INFO: ========== Like post ========== [] []
[2015-09-30 16:58:46] production.INFO: Inputs {"id":"236688"} []
[2015-09-30 16:58:46] production.INFO: Result {"headers":{"HTTP/1.1":"200 OK","Server":"nginx/1.0.15","Date":"Wed, 30 Sep 2015 10:05:17 GMT","Content-Type":"application/json","Connection":"keep-alive","X-Powered-By":"PHP/5.4.37","Set-Cookie":"PHPSESSID=5l8r1klc7s4qqq5jf2ifof11i0; path=/","Expires":"Thu, 19 Nov 1981 08:52:00 GMT","Cache-Control":"no-store, no-cache, must-revalidate, post-check=0, pre-check=0","Pragma":"no-cache","Content-Length":"471","Front-End-Https":"on"},"body":"{\"status\":200,\"button_html\":\"<button class=\\\"story-like-btn break\\\" type=\\\"button\\\" onclick=\\\"SK_registerStoryLike(236688);\\\" title=\\\"Loved\\\">\\n\\t<i class=\\\"icon-heart progress-icon\\\" data-icon=\\\"heart\\\"><\\/i> <strong>Loved<\\/strong>\\n<\\/button>\",\"activity_html\":\"<span class=\\\"like-activity activity-btn\\\" onclick=\\\"SK_getStoryLikes(236688);\\\" title=\\\"Loves\\\">\\n    1    <i class=\\\"icon-heart progress-icon\\\" data-icon=\\\"heart\\\"><\\/i>\\n<\\/span>\",\"userid\":\"6\",\"type\":100}","info":{"url":"https://www.vdomax.com/ajax.php?t=post&a=like&post_id=236688&token=&user_id=6&user_pass=039a726ac0aeec3dde33e45387a7d4ac&timeline_id=6","content_type":"application/json","http_code":200,"header_size":397,"request_size":164,"filetime":-1,"ssl_verify_result":0,"redirect_count":0,"total_time":0.200462,"namelookup_time":0.124901,"connect_time":0.125154,"pretransfer_time":0.136391,"size_upload":0,"size_download":471,"speed_download":2349,"speed_upload":0,"download_content_length":471,"upload_content_length":0,"starttransfer_time":0.200417,"redirect_time":0,"redirect_url":"","primary_ip":"150.107.31.9","certinfo":[],"primary_port":443,"local_ip":"150.107.31.21","local_port":53434}} []
[2015-09-30 17:34:59] production.INFO: ========== Follow post ========== [] []
[2015-09-30 17:35:17] production.INFO: ========== Follow post ========== [] []
[2015-09-30 17:41:22] production.INFO: ========== Follow post ========== [] []
[2015-09-30 17:57:38] production.INFO: ========== Follow post ========== [] []
[2015-09-30 17:57:42] production.INFO: ========== Follow post ========== [] []
[2015-09-30 17:57:47] production.INFO: ========== Follow post ========== [] []
[2015-09-30 17:57:50] production.INFO: ========== Follow post ========== [] []
[2015-09-30 17:57:56] production.INFO: ========== Follow post ========== [] []
[2015-09-30 20:45:29] production.INFO: ========== Follow post ========== [] []
[2015-09-30 20:45:56] production.INFO: ========== Follow post ========== [] []
[2015-09-30 22:18:45] production.INFO: ========== Follow post ========== [] []
[2015-09-30 22:33:06] production.INFO: ========== Follow post ========== [] []
