[2015-07-19 17:32:53] production.INFO: ========== Like post ========== [] []
[2015-07-19 17:32:53] production.INFO: Inputs {"id":"228259"} []
[2015-07-19 17:32:53] production.INFO: Result {"headers":{"HTTP/1.1":"200 OK","Server":"nginx/1.0.15","Date":"Sun, 19 Jul 2015 10:35:39 GMT","Content-Type":"application/json","Connection":"keep-alive","X-Powered-By":"PHP/5.4.37","Set-Cookie":"PHPSESSID=saftl2ie0tl4itof2ibepv03p4; path=/","Expires":"Thu, 19 Nov 1981 08:52:00 GMT","Cache-Control":"no-store, no-cache, must-revalidate, post-check=0, pre-check=0","Pragma":"no-cache","Content-Length":"439","Front-End-Https":"on"},"body":"{\"status\":200,\"button_html\":\"<button class=\\\"story-like-btn break\\\" type=\\\"button\\\" onclick=\\\"SK_registerStoryLike(228259);\\\" title=\\\"Loved\\\">\\n\\t<i class=\\\"icon-heart-empty progress-icon\\\" data-icon=\\\"heart-empty\\\"><\\/i> Loved<\\/button>\",\"activity_html\":\"<span class=\\\"like-activity activity-btn\\\" onclick=\\\"SK_getStoryLikes(228259);\\\" title=\\\"Loves\\\">\\n    3    <i class=\\\"icon-heart progress-icon\\\" data-icon=\\\"heart\\\"><\\/i>\\n<\\/span>\"}","info":{"url":"https://www.vdomax.com/ajax.php?t=post&a=like&post_id=228259&token=&user_id=15522&user_pass=41d72a839a099287a678ea1616401852&timeline_id=15522","content_type":"application/json","http_code":200,"header_size":397,"request_size":172,"filetime":-1,"ssl_verify_result":0,"redirect_count":0,"total_time":0.37376,"namelookup_time":0.124601,"connect_time":0.125412,"pretransfer_time":0.134099,"size_upload":0,"size_download":439,"speed_download":1174,"speed_upload":0,"download_content_length":439,"upload_content_length":0,"starttransfer_time":0.373723,"redirect_time":0,"redirect_url":"","primary_ip":"150.107.31.9","certinfo":[],"primary_port":443,"local_ip":"150.107.31.21","local_port":35746}} []
[2015-07-19 20:29:55] production.INFO: ========== Follow post ========== [] []
[2015-07-19 20:49:25] production.INFO: ========== Follow post ========== [] []
[2015-07-19 20:50:26] production.INFO: ========== Follow post ========== [] []
[2015-07-19 20:50:35] production.INFO: ========== Follow post ========== [] []
[2015-07-19 20:53:46] production.INFO: ========== Follow post ========== [] []
[2015-07-19 20:53:50] production.INFO: ========== Follow post ========== [] []
[2015-07-19 21:54:57] production.INFO: ========== Follow post ========== [] []
[2015-07-19 21:58:50] production.INFO: ========== Follow post ========== [] []
[2015-07-19 21:58:57] production.INFO: ========== Follow post ========== [] []
[2015-07-19 21:58:58] production.INFO: ========== Follow post ========== [] []
[2015-07-19 21:58:59] production.INFO: ========== Follow post ========== [] []
[2015-07-19 21:58:59] production.INFO: ========== Follow post ========== [] []
[2015-07-19 21:59:35] production.INFO: ========== Follow post ========== [] []
[2015-07-19 21:59:40] production.INFO: ========== Follow post ========== [] []
[2015-07-19 21:59:40] production.INFO: ========== Follow post ========== [] []
[2015-07-19 21:59:41] production.INFO: ========== Follow post ========== [] []
[2015-07-19 21:59:41] production.INFO: ========== Follow post ========== [] []
[2015-07-19 21:59:53] production.INFO: ========== Follow post ========== [] []
[2015-07-19 21:59:53] production.INFO: ========== Follow post ========== [] []
[2015-07-19 22:00:00] production.INFO: ========== Follow post ========== [] []
[2015-07-19 22:00:00] production.INFO: ========== Follow post ========== [] []
[2015-07-19 22:00:07] production.INFO: ========== Follow post ========== [] []
[2015-07-19 22:00:07] production.INFO: ========== Follow post ========== [] []
[2015-07-19 22:00:13] production.INFO: ========== Follow post ========== [] []
[2015-07-19 22:00:13] production.INFO: ========== Follow post ========== [] []
[2015-07-19 22:00:19] production.INFO: ========== Follow post ========== [] []
[2015-07-19 22:00:20] production.INFO: ========== Follow post ========== [] []
[2015-07-19 22:00:26] production.INFO: ========== Follow post ========== [] []
[2015-07-19 22:00:26] production.INFO: ========== Follow post ========== [] []
[2015-07-19 22:00:32] production.INFO: ========== Follow post ========== [] []
[2015-07-19 22:00:33] production.INFO: ========== Follow post ========== [] []
[2015-07-19 22:00:41] production.INFO: ========== Follow post ========== [] []
[2015-07-19 22:01:07] production.INFO: ========== Follow post ========== [] []
[2015-07-19 22:01:37] production.INFO: ========== Follow post ========== [] []
[2015-07-19 22:25:31] production.INFO: ========== Follow post ========== [] []
[2015-07-19 22:34:29] production.INFO: ========== Follow post ========== [] []
[2015-07-19 22:39:24] production.INFO: ========== Follow post ========== [] []
[2015-07-19 22:42:03] production.INFO: ========== Like post ========== [] []
[2015-07-19 22:42:03] production.INFO: Inputs {"id":"223865"} []
[2015-07-19 22:42:08] production.INFO: Result {"headers":{"HTTP/1.1":"200 OK","Server":"nginx/1.0.15","Date":"Sun, 19 Jul 2015 15:44:55 GMT","Content-Type":"application/json","Connection":"keep-alive","X-Powered-By":"PHP/5.4.37","Set-Cookie":"PHPSESSID=qm49ncmlrtj8ghmfv1rrar2a10; path=/","Expires":"Thu, 19 Nov 1981 08:52:00 GMT","Cache-Control":"no-store, no-cache, must-revalidate, post-check=0, pre-check=0","Pragma":"no-cache","Content-Length":"439","Front-End-Https":"on"},"body":"{\"status\":200,\"button_html\":\"<button class=\\\"story-like-btn break\\\" type=\\\"button\\\" onclick=\\\"SK_registerStoryLike(223865);\\\" title=\\\"Loved\\\">\\n\\t<i class=\\\"icon-heart-empty progress-icon\\\" data-icon=\\\"heart-empty\\\"><\\/i> Loved<\\/button>\",\"activity_html\":\"<span class=\\\"like-activity activity-btn\\\" onclick=\\\"SK_getStoryLikes(223865);\\\" title=\\\"Loves\\\">\\n    3    <i class=\\\"icon-heart progress-icon\\\" data-icon=\\\"heart\\\"><\\/i>\\n<\\/span>\"}","info":{"url":"https://www.vdomax.com/ajax.php?t=post&a=like&post_id=223865&token=&user_id=15522&user_pass=41d72a839a099287a678ea1616401852&timeline_id=15522","content_type":"application/json","http_code":200,"header_size":397,"request_size":172,"filetime":-1,"ssl_verify_result":0,"redirect_count":0,"total_time":5.680907,"namelookup_time":5.514693,"connect_time":5.515036,"pretransfer_time":5.5238,"size_upload":0,"size_download":439,"speed_download":77,"speed_upload":0,"download_content_length":439,"upload_content_length":0,"starttransfer_time":5.680872,"redirect_time":0,"redirect_url":"","primary_ip":"150.107.31.9","certinfo":[],"primary_port":443,"local_ip":"150.107.31.21","local_port":60659}} []
[2015-07-19 23:47:13] production.INFO: ========== Follow post ========== [] []
[2015-07-19 23:48:12] production.INFO: ========== Follow post ========== [] []
[2015-07-19 23:48:22] production.INFO: ========== Follow post ========== [] []
[2015-07-19 23:48:29] production.INFO: ========== Follow post ========== [] []
[2015-07-19 23:48:37] production.INFO: ========== Follow post ========== [] []
[2015-07-19 23:49:47] production.INFO: ========== Follow post ========== [] []
[2015-07-19 23:55:00] production.INFO: ========== Follow post ========== [] []
