[2015-09-25 00:00:48] production.INFO: ========== Follow post ========== [] []
[2015-09-25 00:01:14] production.INFO: ========== Follow post ========== [] []
[2015-09-25 00:02:00] production.INFO: ========== Follow post ========== [] []
[2015-09-25 00:02:51] production.INFO: ========== Follow post ========== [] []
[2015-09-25 00:03:20] production.INFO: ========== Follow post ========== [] []
[2015-09-25 00:03:56] production.INFO: ========== Follow post ========== [] []
[2015-09-25 00:03:59] production.INFO: ========== Follow post ========== [] []
[2015-09-25 00:06:00] production.INFO: ========== Follow post ========== [] []
[2015-09-25 00:08:53] production.INFO: ========== Follow post ========== [] []
[2015-09-25 00:11:18] production.INFO: ========== Follow post ========== [] []
[2015-09-25 00:11:54] production.INFO: ========== Follow post ========== [] []
[2015-09-25 00:12:39] production.INFO: ========== Follow post ========== [] []
[2015-09-25 00:12:59] production.INFO: ========== Follow post ========== [] []
[2015-09-25 00:13:17] production.INFO: ========== Follow post ========== [] []
[2015-09-25 00:15:42] production.INFO: ========== Follow post ========== [] []
[2015-09-25 00:15:56] production.INFO: ========== Follow post ========== [] []
[2015-09-25 00:17:03] production.INFO: ========== Follow post ========== [] []
[2015-09-25 00:21:50] production.INFO: ========== Follow post ========== [] []
[2015-09-25 00:23:18] production.INFO: ========== Follow post ========== [] []
[2015-09-25 00:24:25] production.INFO: ========== Follow post ========== [] []
[2015-09-25 00:27:03] production.INFO: ========== Follow post ========== [] []
[2015-09-25 00:27:38] production.INFO: ========== Follow post ========== [] []
[2015-09-25 00:29:03] production.INFO: ========== Follow post ========== [] []
[2015-09-25 00:29:38] production.INFO: ========== Follow post ========== [] []
[2015-09-25 00:30:16] production.INFO: ========== Follow post ========== [] []
[2015-09-25 00:30:52] production.INFO: ========== Follow post ========== [] []
[2015-09-25 00:31:25] production.INFO: ========== Follow post ========== [] []
[2015-09-25 00:32:22] production.INFO: ========== Follow post ========== [] []
[2015-09-25 00:33:01] production.INFO: ========== Follow post ========== [] []
[2015-09-25 00:35:04] production.INFO: ========== Follow post ========== [] []
[2015-09-25 00:35:05] production.INFO: ========== Follow post ========== [] []
[2015-09-25 00:35:44] production.INFO: ========== Follow post ========== [] []
[2015-09-25 00:37:47] production.INFO: ========== Follow post ========== [] []
[2015-09-25 00:40:43] production.INFO: ========== Follow post ========== [] []
[2015-09-25 00:41:51] production.INFO: ========== Follow post ========== [] []
[2015-09-25 00:44:21] production.INFO: ========== Follow post ========== [] []
[2015-09-25 00:45:08] production.INFO: ========== Follow post ========== [] []
[2015-09-25 00:50:09] production.INFO: ========== Follow post ========== [] []
[2015-09-25 00:50:20] production.INFO: ========== Follow post ========== [] []
[2015-09-25 00:52:08] production.INFO: ========== Follow post ========== [] []
[2015-09-25 00:57:10] production.INFO: ========== Follow post ========== [] []
[2015-09-25 00:57:18] production.INFO: ========== Follow post ========== [] []
[2015-09-25 00:57:44] production.INFO: ========== Follow post ========== [] []
[2015-09-25 00:58:02] production.INFO: ========== Follow post ========== [] []
[2015-09-25 00:58:08] production.INFO: ========== Follow post ========== [] []
[2015-09-25 00:58:23] production.INFO: ========== Follow post ========== [] []
[2015-09-25 00:58:31] production.INFO: ========== Follow post ========== [] []
[2015-09-25 01:00:03] production.INFO: ========== Follow post ========== [] []
[2015-09-25 01:01:52] production.INFO: ========== Follow post ========== [] []
[2015-09-25 01:03:09] production.INFO: ========== Follow post ========== [] []
[2015-09-25 01:04:09] production.INFO: ========== Follow post ========== [] []
[2015-09-25 01:05:49] production.INFO: ========== Follow post ========== [] []
[2015-09-25 01:09:33] production.INFO: ========== Follow post ========== [] []
[2015-09-25 01:10:05] production.INFO: ========== Follow post ========== [] []
[2015-09-25 01:10:34] production.INFO: ========== Follow post ========== [] []
[2015-09-25 01:15:08] production.INFO: ========== Follow post ========== [] []
[2015-09-25 01:17:56] production.INFO: ========== Follow post ========== [] []
[2015-09-25 01:21:56] production.INFO: ========== Follow post ========== [] []
[2015-09-25 01:25:09] production.INFO: ========== Follow post ========== [] []
[2015-09-25 01:25:11] production.INFO: ========== Follow post ========== [] []
[2015-09-25 01:25:19] production.INFO: ========== Follow post ========== [] []
[2015-09-25 01:27:19] production.INFO: ========== Follow post ========== [] []
[2015-09-25 01:33:59] production.INFO: ========== Follow post ========== [] []
[2015-09-25 01:34:03] production.INFO: ========== Follow post ========== [] []
[2015-09-25 01:35:08] production.INFO: ========== Follow post ========== [] []
[2015-09-25 01:36:25] production.INFO: ========== Follow post ========== [] []
[2015-09-25 01:37:16] production.INFO: ========== Follow post ========== [] []
[2015-09-25 01:39:44] production.INFO: ========== Follow post ========== [] []
[2015-09-25 01:40:56] production.INFO: ========== Follow post ========== [] []
[2015-09-25 01:42:27] production.INFO: ========== Follow post ========== [] []
[2015-09-25 01:42:38] production.INFO: ========== Follow post ========== [] []
[2015-09-25 01:45:32] production.INFO: ========== Follow post ========== [] []
[2015-09-25 01:45:50] production.INFO: ========== Follow post ========== [] []
[2015-09-25 01:46:37] production.INFO: ========== Follow post ========== [] []
[2015-09-25 01:48:17] production.INFO: ========== Follow post ========== [] []
[2015-09-25 01:49:06] production.INFO: ========== Follow post ========== [] []
[2015-09-25 01:49:54] production.INFO: ========== Follow post ========== [] []
[2015-09-25 01:54:23] production.INFO: ========== Follow post ========== [] []
[2015-09-25 01:55:05] production.INFO: ========== Follow post ========== [] []
[2015-09-25 01:56:21] production.INFO: ========== Follow post ========== [] []
[2015-09-25 01:56:39] production.INFO: ========== Follow post ========== [] []
[2015-09-25 02:06:13] production.INFO: ========== Follow post ========== [] []
[2015-09-25 02:11:15] production.INFO: ========== Follow post ========== [] []
[2015-09-25 02:11:20] production.INFO: ========== Follow post ========== [] []
[2015-09-25 02:16:46] production.INFO: ========== Follow post ========== [] []
[2015-09-25 02:20:02] production.INFO: ========== Follow post ========== [] []
[2015-09-25 02:26:47] production.INFO: ========== Follow post ========== [] []
[2015-09-25 02:27:20] production.INFO: ========== Follow post ========== [] []
[2015-09-25 02:28:43] production.INFO: ========== Follow post ========== [] []
[2015-09-25 02:31:09] production.INFO: ========== Follow post ========== [] []
[2015-09-25 02:31:14] production.INFO: ========== Follow post ========== [] []
[2015-09-25 02:31:32] production.INFO: ========== Follow post ========== [] []
[2015-09-25 02:35:48] production.INFO: ========== Follow post ========== [] []
[2015-09-25 02:37:31] production.INFO: ========== Follow post ========== [] []
[2015-09-25 02:40:50] production.INFO: ========== Follow post ========== [] []
[2015-09-25 02:42:48] production.INFO: ========== Follow post ========== [] []
[2015-09-25 02:46:42] production.INFO: ========== Follow post ========== [] []
[2015-09-25 02:47:42] production.INFO: ========== Follow post ========== [] []
[2015-09-25 02:49:37] production.INFO: ========== Follow post ========== [] []
[2015-09-25 02:53:08] production.INFO: ========== Follow post ========== [] []
[2015-09-25 02:56:21] production.INFO: ========== Follow post ========== [] []
[2015-09-25 02:57:35] production.INFO: ========== Follow post ========== [] []
[2015-09-25 03:00:58] production.INFO: ========== Follow post ========== [] []
[2015-09-25 03:06:33] production.INFO: ========== Follow post ========== [] []
[2015-09-25 03:06:54] production.INFO: ========== Follow post ========== [] []
[2015-09-25 03:07:57] production.INFO: ========== Follow post ========== [] []
[2015-09-25 03:12:04] production.INFO: ========== Follow post ========== [] []
[2015-09-25 03:12:26] production.INFO: ========== Follow post ========== [] []
[2015-09-25 03:13:32] production.INFO: ========== Follow post ========== [] []
[2015-09-25 03:14:41] production.INFO: ========== Follow post ========== [] []
[2015-09-25 03:16:49] production.INFO: ========== Follow post ========== [] []
[2015-09-25 03:19:35] production.INFO: ========== Follow post ========== [] []
[2015-09-25 03:22:35] production.INFO: ========== Follow post ========== [] []
[2015-09-25 03:34:57] production.INFO: ========== Follow post ========== [] []
[2015-09-25 03:37:33] production.INFO: ========== Follow post ========== [] []
[2015-09-25 03:40:46] production.INFO: ========== Follow post ========== [] []
[2015-09-25 03:41:52] production.INFO: ========== Follow post ========== [] []
[2015-09-25 03:49:12] production.INFO: ========== Follow post ========== [] []
[2015-09-25 03:56:24] production.INFO: ========== Follow post ========== [] []
[2015-09-25 03:57:44] production.INFO: ========== Follow post ========== [] []
[2015-09-25 03:59:27] production.INFO: ========== Follow post ========== [] []
[2015-09-25 04:00:17] production.INFO: ========== Follow post ========== [] []
[2015-09-25 04:01:10] production.INFO: ========== Follow post ========== [] []
[2015-09-25 04:02:10] production.INFO: ========== Follow post ========== [] []
[2015-09-25 04:03:36] production.INFO: ========== Follow post ========== [] []
[2015-09-25 04:05:23] production.INFO: ========== Follow post ========== [] []
[2015-09-25 04:13:34] production.INFO: ========== Follow post ========== [] []
[2015-09-25 04:13:51] production.INFO: ========== Follow post ========== [] []
[2015-09-25 04:15:43] production.INFO: ========== Follow post ========== [] []
[2015-09-25 04:16:13] production.INFO: ========== Follow post ========== [] []
[2015-09-25 04:17:14] production.INFO: ========== Follow post ========== [] []
[2015-09-25 04:18:10] production.INFO: ========== Follow post ========== [] []
[2015-09-25 04:24:58] production.INFO: ========== Follow post ========== [] []
[2015-09-25 04:26:55] production.INFO: ========== Follow post ========== [] []
[2015-09-25 04:27:29] production.INFO: ========== Follow post ========== [] []
[2015-09-25 04:30:47] production.INFO: ========== Follow post ========== [] []
[2015-09-25 04:33:17] production.INFO: ========== Follow post ========== [] []
[2015-09-25 04:33:47] production.INFO: ========== Follow post ========== [] []
[2015-09-25 04:37:52] production.INFO: ========== Follow post ========== [] []
[2015-09-25 04:41:32] production.INFO: ========== Follow post ========== [] []
[2015-09-25 04:45:06] production.INFO: ========== Follow post ========== [] []
[2015-09-25 04:45:08] production.INFO: ========== Follow post ========== [] []
[2015-09-25 04:46:24] production.INFO: ========== Follow post ========== [] []
[2015-09-25 04:47:02] production.INFO: ========== Follow post ========== [] []
[2015-09-25 04:48:36] production.INFO: ========== Follow post ========== [] []
[2015-09-25 04:52:44] production.INFO: ========== Follow post ========== [] []
[2015-09-25 04:55:01] production.INFO: ========== Follow post ========== [] []
[2015-09-25 04:58:18] production.INFO: ========== Follow post ========== [] []
[2015-09-25 05:00:09] production.INFO: ========== Follow post ========== [] []
[2015-09-25 05:06:45] production.INFO: ========== Follow post ========== [] []
[2015-09-25 05:07:28] production.INFO: ========== Follow post ========== [] []
[2015-09-25 05:08:02] production.INFO: ========== Follow post ========== [] []
[2015-09-25 05:08:08] production.INFO: ========== Follow post ========== [] []
[2015-09-25 05:09:50] production.INFO: ========== Follow post ========== [] []
[2015-09-25 05:11:27] production.INFO: ========== Follow post ========== [] []
[2015-09-25 05:16:21] production.INFO: ========== Follow post ========== [] []
[2015-09-25 05:16:45] production.INFO: ========== Follow post ========== [] []
[2015-09-25 05:19:40] production.INFO: ========== Follow post ========== [] []
[2015-09-25 05:19:50] production.INFO: ========== Follow post ========== [] []
[2015-09-25 05:20:43] production.INFO: ========== Follow post ========== [] []
[2015-09-25 05:21:39] production.INFO: ========== Follow post ========== [] []
[2015-09-25 05:24:06] production.INFO: ========== Follow post ========== [] []
[2015-09-25 05:26:39] production.INFO: ========== Follow post ========== [] []
[2015-09-25 05:29:27] production.INFO: ========== Follow post ========== [] []
[2015-09-25 05:35:42] production.INFO: ========== Follow post ========== [] []
[2015-09-25 05:37:22] production.INFO: ========== Follow post ========== [] []
[2015-09-25 05:37:36] production.INFO: ========== Follow post ========== [] []
[2015-09-25 05:42:01] production.INFO: ========== Follow post ========== [] []
[2015-09-25 05:43:00] production.INFO: ========== Follow post ========== [] []
[2015-09-25 05:53:07] production.INFO: ========== Follow post ========== [] []
[2015-09-25 05:56:46] production.INFO: ========== Follow post ========== [] []
[2015-09-25 05:57:27] production.INFO: ========== Follow post ========== [] []
[2015-09-25 05:59:13] production.INFO: ========== Follow post ========== [] []
[2015-09-25 06:01:13] production.INFO: ========== Follow post ========== [] []
[2015-09-25 06:01:37] production.INFO: ========== Follow post ========== [] []
[2015-09-25 06:04:39] production.INFO: ========== Follow post ========== [] []
[2015-09-25 06:05:16] production.INFO: ========== Follow post ========== [] []
[2015-09-25 06:07:06] production.INFO: ========== Follow post ========== [] []
[2015-09-25 06:08:52] production.INFO: ========== Follow post ========== [] []
[2015-09-25 06:12:21] production.INFO: ========== Follow post ========== [] []
[2015-09-25 06:13:06] production.INFO: ========== Follow post ========== [] []
[2015-09-25 06:13:11] production.INFO: ========== Follow post ========== [] []
[2015-09-25 06:17:58] production.INFO: ========== Follow post ========== [] []
[2015-09-25 06:19:31] production.INFO: ========== Follow post ========== [] []
[2015-09-25 06:22:22] production.INFO: ========== Follow post ========== [] []
[2015-09-25 06:23:21] production.INFO: ========== Follow post ========== [] []
[2015-09-25 06:24:42] production.INFO: ========== Follow post ========== [] []
[2015-09-25 06:29:51] production.INFO: ========== Follow post ========== [] []
[2015-09-25 06:30:35] production.INFO: ========== Follow post ========== [] []
[2015-09-25 06:31:27] production.INFO: ========== Follow post ========== [] []
[2015-09-25 06:32:54] production.INFO: ========== Follow post ========== [] []
[2015-09-25 06:33:35] production.INFO: ========== Follow post ========== [] []
[2015-09-25 06:34:56] production.INFO: ========== Follow post ========== [] []
[2015-09-25 06:35:01] production.INFO: ========== Follow post ========== [] []
[2015-09-25 06:38:10] production.INFO: ========== Follow post ========== [] []
[2015-09-25 06:38:21] production.INFO: ========== Follow post ========== [] []
[2015-09-25 06:40:26] production.INFO: ========== Follow post ========== [] []
[2015-09-25 06:41:14] production.INFO: ========== Follow post ========== [] []
[2015-09-25 06:43:06] production.INFO: ========== Follow post ========== [] []
[2015-09-25 06:45:27] production.INFO: ========== Follow post ========== [] []
[2015-09-25 06:49:48] production.INFO: ========== Follow post ========== [] []
[2015-09-25 06:52:34] production.INFO: ========== Follow post ========== [] []
[2015-09-25 06:52:35] production.INFO: ========== Follow post ========== [] []
[2015-09-25 06:58:01] production.INFO: ========== Follow post ========== [] []
[2015-09-25 06:59:07] production.INFO: ========== Follow post ========== [] []
[2015-09-25 07:00:24] production.INFO: ========== Follow post ========== [] []
[2015-09-25 07:01:14] production.INFO: ========== Follow post ========== [] []
[2015-09-25 07:04:34] production.INFO: ========== Follow post ========== [] []
[2015-09-25 07:05:35] production.INFO: ========== Follow post ========== [] []
[2015-09-25 07:07:18] production.INFO: ========== Follow post ========== [] []
[2015-09-25 07:07:50] production.INFO: ========== Follow post ========== [] []
[2015-09-25 07:09:04] production.INFO: ========== Follow post ========== [] []
[2015-09-25 07:10:52] production.INFO: ========== Follow post ========== [] []
[2015-09-25 07:13:32] production.INFO: ========== Follow post ========== [] []
[2015-09-25 07:21:30] production.INFO: ========== Follow post ========== [] []
[2015-09-25 07:22:11] production.INFO: ========== Follow post ========== [] []
[2015-09-25 07:23:46] production.INFO: ========== Follow post ========== [] []
[2015-09-25 07:24:06] production.INFO: ========== Follow post ========== [] []
[2015-09-25 07:25:48] production.INFO: ========== Follow post ========== [] []
[2015-09-25 07:26:00] production.INFO: ========== Follow post ========== [] []
[2015-09-25 07:26:22] production.INFO: ========== Follow post ========== [] []
[2015-09-25 07:27:41] production.INFO: ========== Follow post ========== [] []
[2015-09-25 07:29:02] production.INFO: ========== Follow post ========== [] []
[2015-09-25 07:30:10] production.INFO: ========== Follow post ========== [] []
[2015-09-25 07:30:23] production.INFO: ========== Follow post ========== [] []
[2015-09-25 07:31:14] production.INFO: ========== Follow post ========== [] []
[2015-09-25 07:31:38] production.INFO: ========== Follow post ========== [] []
[2015-09-25 07:33:39] production.INFO: ========== Follow post ========== [] []
[2015-09-25 07:40:02] production.INFO: ========== Follow post ========== [] []
[2015-09-25 07:40:21] production.INFO: ========== Follow post ========== [] []
[2015-09-25 07:40:34] production.INFO: ========== Follow post ========== [] []
[2015-09-25 07:44:18] production.INFO: ========== Follow post ========== [] []
[2015-09-25 07:47:29] production.INFO: ========== Follow post ========== [] []
[2015-09-25 07:48:47] production.INFO: ========== Follow post ========== [] []
[2015-09-25 07:49:40] production.INFO: ========== Follow post ========== [] []
[2015-09-25 07:55:02] production.INFO: ========== Follow post ========== [] []
[2015-09-25 07:57:08] production.INFO: ========== Follow post ========== [] []
[2015-09-25 07:57:28] production.INFO: ========== Follow post ========== [] []
[2015-09-25 07:57:50] production.INFO: ========== Follow post ========== [] []
[2015-09-25 08:01:28] production.INFO: ========== Follow post ========== [] []
[2015-09-25 08:01:47] production.INFO: ========== Follow post ========== [] []
[2015-09-25 08:08:07] production.INFO: ========== Follow post ========== [] []
[2015-09-25 08:08:43] production.INFO: ========== Follow post ========== [] []
[2015-09-25 08:11:12] production.INFO: ========== Follow post ========== [] []
[2015-09-25 08:19:59] production.INFO: ========== Follow post ========== [] []
[2015-09-25 08:20:28] production.INFO: ========== Follow post ========== [] []
[2015-09-25 08:22:49] production.INFO: ========== Follow post ========== [] []
[2015-09-25 08:25:44] production.INFO: ========== Follow post ========== [] []
[2015-09-25 08:27:39] production.INFO: ========== Follow post ========== [] []
[2015-09-25 08:31:51] production.INFO: ========== Follow post ========== [] []
[2015-09-25 08:34:05] production.INFO: ========== Follow post ========== [] []
[2015-09-25 08:35:17] production.INFO: ========== Follow post ========== [] []
[2015-09-25 08:41:52] production.INFO: ========== Follow post ========== [] []
[2015-09-25 08:47:09] production.INFO: ========== Follow post ========== [] []
[2015-09-25 08:47:42] production.INFO: ========== Follow post ========== [] []
[2015-09-25 08:49:55] production.INFO: ========== Follow post ========== [] []
[2015-09-25 08:50:46] production.INFO: ========== Follow post ========== [] []
[2015-09-25 08:52:26] production.INFO: ========== Follow post ========== [] []
[2015-09-25 08:53:30] production.INFO: ========== Follow post ========== [] []
[2015-09-25 08:54:31] production.INFO: ========== Follow post ========== [] []
[2015-09-25 08:59:44] production.INFO: ========== Follow post ========== [] []
[2015-09-25 08:59:51] production.INFO: ========== Follow post ========== [] []
[2015-09-25 09:03:07] production.INFO: ========== Follow post ========== [] []
[2015-09-25 09:03:23] production.INFO: ========== Follow post ========== [] []
[2015-09-25 09:06:03] production.INFO: ========== Follow post ========== [] []
[2015-09-25 09:14:17] production.INFO: ========== Follow post ========== [] []
[2015-09-25 09:14:22] production.INFO: ========== Follow post ========== [] []
[2015-09-25 09:14:38] production.INFO: ========== Follow post ========== [] []
[2015-09-25 09:21:58] production.INFO: ========== Follow post ========== [] []
[2015-09-25 09:23:37] production.INFO: ========== Follow post ========== [] []
[2015-09-25 09:23:41] production.INFO: ========== Follow post ========== [] []
[2015-09-25 09:26:18] production.INFO: ========== Follow post ========== [] []
[2015-09-25 09:26:49] production.INFO: ========== Follow post ========== [] []
[2015-09-25 09:27:31] production.INFO: ========== Follow post ========== [] []
[2015-09-25 09:28:19] production.INFO: ========== Follow post ========== [] []
[2015-09-25 09:29:41] production.INFO: ========== Follow post ========== [] []
[2015-09-25 09:31:36] production.INFO: ========== Follow post ========== [] []
[2015-09-25 09:32:06] production.INFO: ========== Follow post ========== [] []
[2015-09-25 09:33:00] production.INFO: ========== Follow post ========== [] []
[2015-09-25 09:35:43] production.INFO: ========== Follow post ========== [] []
[2015-09-25 09:43:28] production.INFO: ========== Follow post ========== [] []
[2015-09-25 09:43:32] production.INFO: ========== Follow post ========== [] []
[2015-09-25 09:46:24] production.INFO: ========== Follow post ========== [] []
[2015-09-25 09:49:00] production.INFO: ========== Follow post ========== [] []
[2015-09-25 09:51:09] production.INFO: ========== Follow post ========== [] []
[2015-09-25 09:55:43] production.INFO: ========== Follow post ========== [] []
[2015-09-25 09:56:38] production.INFO: ========== Follow post ========== [] []
[2015-09-25 09:57:59] production.INFO: ========== Follow post ========== [] []
[2015-09-25 10:02:26] production.INFO: ========== Follow post ========== [] []
[2015-09-25 10:03:57] production.INFO: ========== Follow post ========== [] []
[2015-09-25 10:06:05] production.INFO: ========== Follow post ========== [] []
[2015-09-25 10:06:47] production.INFO: ========== Follow post ========== [] []
[2015-09-25 10:11:34] production.INFO: ========== Follow post ========== [] []
[2015-09-25 10:11:37] production.INFO: ========== Follow post ========== [] []
[2015-09-25 10:18:28] production.INFO: ========== Follow post ========== [] []
[2015-09-25 10:21:11] production.INFO: ========== Follow post ========== [] []
[2015-09-25 10:27:00] production.INFO: ========== Follow post ========== [] []
[2015-09-25 10:30:11] production.INFO: ========== Follow post ========== [] []
[2015-09-25 10:36:00] production.INFO: ========== Follow post ========== [] []
[2015-09-25 10:37:13] production.INFO: ========== Follow post ========== [] []
[2015-09-25 10:38:36] production.INFO: ========== Follow post ========== [] []
[2015-09-25 10:38:45] production.INFO: ========== Follow post ========== [] []
[2015-09-25 10:40:03] production.INFO: ========== Follow post ========== [] []
[2015-09-25 10:41:03] production.INFO: ========== Follow post ========== [] []
[2015-09-25 10:44:19] production.INFO: ========== Follow post ========== [] []
[2015-09-25 10:48:55] production.INFO: ========== Follow post ========== [] []
[2015-09-25 10:49:11] production.INFO: ========== Follow post ========== [] []
[2015-09-25 10:52:04] production.INFO: ========== Follow post ========== [] []
[2015-09-25 10:52:44] production.INFO: ========== Follow post ========== [] []
[2015-09-25 10:52:58] production.INFO: ========== Follow post ========== [] []
[2015-09-25 10:55:00] production.INFO: ========== Follow post ========== [] []
[2015-09-25 11:02:13] production.INFO: ========== Follow post ========== [] []
[2015-09-25 11:02:27] production.INFO: ========== Follow post ========== [] []
[2015-09-25 11:02:35] production.INFO: ========== Follow post ========== [] []
[2015-09-25 11:03:11] production.INFO: ========== Follow post ========== [] []
[2015-09-25 11:04:29] production.INFO: ========== Follow post ========== [] []
[2015-09-25 11:04:47] production.INFO: ========== Follow post ========== [] []
[2015-09-25 11:05:06] production.INFO: ========== Follow post ========== [] []
[2015-09-25 11:05:21] production.INFO: ========== Follow post ========== [] []
[2015-09-25 11:11:08] production.INFO: ========== Follow post ========== [] []
[2015-09-25 11:16:31] production.INFO: ========== Follow post ========== [] []
[2015-09-25 11:35:20] production.INFO: ========== Follow post ========== [] []
[2015-09-25 11:40:12] production.INFO: ========== Follow post ========== [] []
[2015-09-25 11:43:58] production.INFO: ========== Follow post ========== [] []
[2015-09-25 11:44:53] production.INFO: ========== Follow post ========== [] []
[2015-09-25 11:52:31] production.INFO: ========== Follow post ========== [] []
[2015-09-25 11:54:06] production.INFO: ========== Follow post ========== [] []
[2015-09-25 11:55:46] production.INFO: ========== Follow post ========== [] []
[2015-09-25 11:58:52] production.INFO: ========== Follow post ========== [] []
[2015-09-25 11:59:33] production.INFO: ========== Follow post ========== [] []
[2015-09-25 12:00:46] production.INFO: ========== Follow post ========== [] []
[2015-09-25 12:06:14] production.INFO: ========== Follow post ========== [] []
[2015-09-25 12:07:07] production.INFO: ========== Follow post ========== [] []
[2015-09-25 12:08:01] production.INFO: ========== Follow post ========== [] []
[2015-09-25 12:13:44] production.INFO: ========== Follow post ========== [] []
[2015-09-25 12:14:53] production.INFO: ========== Follow post ========== [] []
[2015-09-25 12:17:05] production.INFO: ========== Follow post ========== [] []
[2015-09-25 12:21:51] production.INFO: ========== Follow post ========== [] []
[2015-09-25 12:23:25] production.INFO: ========== Follow post ========== [] []
[2015-09-25 12:26:31] production.INFO: ========== Follow post ========== [] []
[2015-09-25 12:30:27] production.INFO: ========== Follow post ========== [] []
[2015-09-25 12:30:50] production.INFO: ========== Follow post ========== [] []
[2015-09-25 12:31:40] production.INFO: ========== Follow post ========== [] []
[2015-09-25 12:31:56] production.INFO: ========== Follow post ========== [] []
[2015-09-25 12:32:10] production.INFO: ========== Follow post ========== [] []
[2015-09-25 12:32:42] production.INFO: ========== Follow post ========== [] []
[2015-09-25 12:33:00] production.INFO: ========== Follow post ========== [] []
[2015-09-25 12:35:18] production.INFO: ========== Follow post ========== [] []
[2015-09-25 12:38:16] production.INFO: ========== Follow post ========== [] []
[2015-09-25 12:39:55] production.INFO: ========== Follow post ========== [] []
[2015-09-25 12:41:12] production.INFO: ========== Follow post ========== [] []
[2015-09-25 12:43:18] production.INFO: ========== Follow post ========== [] []
[2015-09-25 12:43:53] production.INFO: ========== Follow post ========== [] []
[2015-09-25 12:44:10] production.INFO: ========== Follow post ========== [] []
[2015-09-25 12:44:39] production.INFO: ========== Follow post ========== [] []
[2015-09-25 12:47:10] production.INFO: ========== Follow post ========== [] []
[2015-09-25 12:48:28] production.INFO: ========== Follow post ========== [] []
[2015-09-25 12:49:39] production.INFO: ========== Follow post ========== [] []
[2015-09-25 12:51:18] production.INFO: ========== Follow post ========== [] []
[2015-09-25 12:53:19] production.INFO: ========== Follow post ========== [] []
[2015-09-25 12:54:14] production.INFO: ========== Follow post ========== [] []
[2015-09-25 12:54:29] production.INFO: ========== Follow post ========== [] []
[2015-09-25 12:56:59] production.INFO: ========== Follow post ========== [] []
[2015-09-25 12:59:45] production.INFO: ========== Follow post ========== [] []
[2015-09-25 13:01:42] production.INFO: ========== Follow post ========== [] []
[2015-09-25 13:02:04] production.INFO: ========== Follow post ========== [] []
[2015-09-25 13:03:04] production.INFO: ========== Follow post ========== [] []
[2015-09-25 13:03:28] production.INFO: ========== Follow post ========== [] []
[2015-09-25 13:03:49] production.INFO: ========== Follow post ========== [] []
[2015-09-25 13:12:01] production.INFO: ========== Follow post ========== [] []
[2015-09-25 13:12:06] production.INFO: ========== Follow post ========== [] []
[2015-09-25 13:15:22] production.INFO: ========== Follow post ========== [] []
[2015-09-25 13:16:00] production.INFO: ========== Follow post ========== [] []
[2015-09-25 13:18:28] production.INFO: ========== Follow post ========== [] []
[2015-09-25 13:18:31] production.INFO: ========== Follow post ========== [] []
[2015-09-25 13:19:20] production.INFO: ========== Follow post ========== [] []
[2015-09-25 13:24:43] production.INFO: ========== Follow post ========== [] []
[2015-09-25 13:29:08] production.INFO: ========== Follow post ========== [] []
[2015-09-25 13:39:39] production.INFO: ========== Follow post ========== [] []
[2015-09-25 13:44:17] production.INFO: ========== Follow post ========== [] []
[2015-09-25 13:45:16] production.INFO: ========== Follow post ========== [] []
[2015-09-25 13:46:57] production.INFO: ========== Follow post ========== [] []
[2015-09-25 13:47:47] production.INFO: ========== Follow post ========== [] []
[2015-09-25 14:01:05] production.INFO: ========== Follow post ========== [] []
[2015-09-25 14:01:18] production.INFO: ========== Follow post ========== [] []
[2015-09-25 14:05:05] production.INFO: ========== Follow post ========== [] []
[2015-09-25 14:05:22] production.INFO: ========== Follow post ========== [] []
[2015-09-25 14:05:56] production.INFO: ========== Follow post ========== [] []
[2015-09-25 14:08:07] production.INFO: ========== Follow post ========== [] []
[2015-09-25 14:08:20] production.INFO: ========== Follow post ========== [] []
[2015-09-25 14:11:42] production.INFO: ========== Follow post ========== [] []
[2015-09-25 14:12:21] production.INFO: ========== Follow post ========== [] []
[2015-09-25 14:13:14] production.INFO: ========== Follow post ========== [] []
[2015-09-25 14:16:10] production.INFO: ========== Like post ========== [] []
[2015-09-25 14:16:10] production.INFO: Inputs {"id":"236524"} []
[2015-09-25 14:16:20] production.INFO: Result {"headers":{"HTTP/1.1":"200 OK","Server":"nginx/1.0.15","Date":"Fri, 25 Sep 2015 07:22:36 GMT","Content-Type":"application/json","Connection":"keep-alive","X-Powered-By":"PHP/5.4.37","Set-Cookie":"PHPSESSID=619vfbunn9rb8spt7r2e77krg2; path=/","Expires":"Thu, 19 Nov 1981 08:52:00 GMT","Cache-Control":"no-store, no-cache, must-revalidate, post-check=0, pre-check=0","Pragma":"no-cache","Content-Length":"471","Front-End-Https":"on"},"body":"{\"status\":200,\"button_html\":\"<button class=\\\"story-like-btn break\\\" type=\\\"button\\\" onclick=\\\"SK_registerStoryLike(236524);\\\" title=\\\"Loved\\\">\\n\\t<i class=\\\"icon-heart progress-icon\\\" data-icon=\\\"heart\\\"><\\/i> <strong>Loved<\\/strong>\\n<\\/button>\",\"activity_html\":\"<span class=\\\"like-activity activity-btn\\\" onclick=\\\"SK_getStoryLikes(236524);\\\" title=\\\"Loves\\\">\\n    1    <i class=\\\"icon-heart progress-icon\\\" data-icon=\\\"heart\\\"><\\/i>\\n<\\/span>\",\"userid\":\"3\",\"type\":100}","info":{"url":"https://www.vdomax.com/ajax.php?t=post&a=like&post_id=236524&token=&user_id=15522&user_pass=41d72a839a099287a678ea1616401852&timeline_id=15522","content_type":"application/json","http_code":200,"header_size":397,"request_size":172,"filetime":-1,"ssl_verify_result":0,"redirect_count":0,"total_time":10.613135,"namelookup_time":5.513942,"connect_time":5.514323,"pretransfer_time":5.524419,"size_upload":0,"size_download":471,"speed_download":44,"speed_upload":0,"download_content_length":471,"upload_content_length":0,"starttransfer_time":10.613106,"redirect_time":0,"redirect_url":"","primary_ip":"150.107.31.9","certinfo":[],"primary_port":443,"local_ip":"150.107.31.21","local_port":46935}} []
[2015-09-25 14:17:42] production.INFO: ========== Follow post ========== [] []
[2015-09-25 14:18:44] production.INFO: ========== Follow post ========== [] []
[2015-09-25 14:20:27] production.INFO: ========== Follow post ========== [] []
[2015-09-25 14:22:06] production.INFO: ========== Follow post ========== [] []
[2015-09-25 14:26:56] production.INFO: ========== Follow post ========== [] []
[2015-09-25 14:27:08] production.INFO: ========== Follow post ========== [] []
[2015-09-25 14:27:51] production.INFO: ========== Follow post ========== [] []
[2015-09-25 14:28:44] production.INFO: ========== Follow post ========== [] []
[2015-09-25 14:28:49] production.INFO: ========== Follow post ========== [] []
[2015-09-25 14:32:54] production.INFO: ========== Follow post ========== [] []
[2015-09-25 14:33:50] production.INFO: ========== Follow post ========== [] []
[2015-09-25 14:42:59] production.INFO: ========== Follow post ========== [] []
[2015-09-25 14:45:23] production.INFO: ========== Follow post ========== [] []
[2015-09-25 14:47:34] production.INFO: ========== Follow post ========== [] []
[2015-09-25 14:49:23] production.INFO: ========== Follow post ========== [] []
[2015-09-25 14:50:29] production.INFO: ========== Follow post ========== [] []
[2015-09-25 14:51:38] production.INFO: ========== Follow post ========== [] []
[2015-09-25 14:52:38] production.INFO: ========== Follow post ========== [] []
[2015-09-25 14:53:30] production.INFO: ========== Follow post ========== [] []
[2015-09-25 14:53:36] production.INFO: ========== Follow post ========== [] []
[2015-09-25 14:56:58] production.INFO: ========== Follow post ========== [] []
[2015-09-25 15:02:07] production.INFO: ========== Follow post ========== [] []
[2015-09-25 15:03:28] production.INFO: ========== Follow post ========== [] []
[2015-09-25 15:21:06] production.INFO: ========== Follow post ========== [] []
[2015-09-25 15:22:29] production.INFO: ========== Follow post ========== [] []
[2015-09-25 15:24:02] production.INFO: ========== Follow post ========== [] []
[2015-09-25 15:26:20] production.INFO: ========== Follow post ========== [] []
[2015-09-25 15:27:43] production.INFO: ========== Follow post ========== [] []
[2015-09-25 15:30:52] production.INFO: ========== Follow post ========== [] []
[2015-09-25 15:31:01] production.INFO: ========== Follow post ========== [] []
[2015-09-25 15:31:15] production.INFO: ========== Follow post ========== [] []
[2015-09-25 15:32:37] production.INFO: ========== Follow post ========== [] []
[2015-09-25 15:35:17] production.INFO: ========== Follow post ========== [] []
[2015-09-25 15:35:55] production.INFO: ========== Follow post ========== [] []
[2015-09-25 15:35:59] production.INFO: ========== Follow post ========== [] []
[2015-09-25 15:39:21] production.INFO: ========== Follow post ========== [] []
[2015-09-25 15:39:56] production.INFO: ========== Follow post ========== [] []
[2015-09-25 15:44:29] production.INFO: ========== Follow post ========== [] []
[2015-09-25 15:47:22] production.INFO: ========== Follow post ========== [] []
[2015-09-25 15:51:00] production.INFO: ========== Follow post ========== [] []
[2015-09-25 15:55:37] production.INFO: ========== Follow post ========== [] []
[2015-09-25 15:55:59] production.INFO: ========== Follow post ========== [] []
[2015-09-25 16:01:24] production.INFO: ========== Follow post ========== [] []
[2015-09-25 16:06:50] production.INFO: ========== Follow post ========== [] []
[2015-09-25 16:12:44] production.INFO: ========== Follow post ========== [] []
[2015-09-25 16:13:50] production.INFO: ========== Follow post ========== [] []
[2015-09-25 16:18:46] production.INFO: ========== Follow post ========== [] []
[2015-09-25 16:21:22] production.INFO: ========== Follow post ========== [] []
[2015-09-25 16:24:58] production.INFO: ========== Follow post ========== [] []
[2015-09-25 16:25:04] production.INFO: ========== Follow post ========== [] []
[2015-09-25 16:25:13] production.INFO: ========== Follow post ========== [] []
[2015-09-25 16:27:07] production.INFO: ========== Follow post ========== [] []
[2015-09-25 16:27:12] production.INFO: ========== Follow post ========== [] []
[2015-09-25 16:27:16] production.INFO: ========== Follow post ========== [] []
[2015-09-25 16:28:13] production.INFO: ========== Follow post ========== [] []
[2015-09-25 16:31:04] production.INFO: ========== Follow post ========== [] []
[2015-09-25 16:36:13] production.INFO: ========== Follow post ========== [] []
[2015-09-25 16:36:19] production.INFO: ========== Follow post ========== [] []
[2015-09-25 16:41:54] production.INFO: ========== Follow post ========== [] []
[2015-09-25 16:42:46] production.INFO: ========== Follow post ========== [] []
[2015-09-25 16:47:57] production.INFO: ========== Follow post ========== [] []
[2015-09-25 16:49:01] production.INFO: ========== Follow post ========== [] []
[2015-09-25 16:49:11] production.INFO: ========== Follow post ========== [] []
[2015-09-25 16:49:59] production.INFO: ========== Follow post ========== [] []
[2015-09-25 16:52:07] production.INFO: ========== Follow post ========== [] []
[2015-09-25 16:52:49] production.INFO: ========== Follow post ========== [] []
[2015-09-25 16:56:36] production.INFO: ========== Follow post ========== [] []
[2015-09-25 16:59:00] production.INFO: ========== Follow post ========== [] []
[2015-09-25 16:59:43] production.INFO: ========== Follow post ========== [] []
[2015-09-25 17:00:37] production.INFO: ========== Follow post ========== [] []
[2015-09-25 17:01:56] production.INFO: ========== Follow post ========== [] []
[2015-09-25 17:03:24] production.INFO: ========== Follow post ========== [] []
[2015-09-25 17:09:44] production.INFO: ========== Follow post ========== [] []
[2015-09-25 17:10:31] production.INFO: ========== Follow post ========== [] []
[2015-09-25 17:10:40] production.INFO: ========== Follow post ========== [] []
[2015-09-25 17:17:48] production.INFO: ========== Follow post ========== [] []
[2015-09-25 17:19:50] production.INFO: ========== Follow post ========== [] []
[2015-09-25 17:20:53] production.INFO: ========== Follow post ========== [] []
[2015-09-25 17:21:35] production.INFO: ========== Follow post ========== [] []
[2015-09-25 17:24:27] production.INFO: ========== Follow post ========== [] []
[2015-09-25 17:25:54] production.INFO: ========== Follow post ========== [] []
[2015-09-25 17:29:25] production.INFO: ========== Follow post ========== [] []
[2015-09-25 17:32:48] production.INFO: ========== Follow post ========== [] []
[2015-09-25 17:34:47] production.INFO: ========== Follow post ========== [] []
[2015-09-25 17:35:17] production.INFO: ========== Follow post ========== [] []
[2015-09-25 17:37:59] production.INFO: ========== Follow post ========== [] []
[2015-09-25 17:38:13] production.INFO: ========== Follow post ========== [] []
[2015-09-25 17:39:19] production.INFO: ========== Follow post ========== [] []
[2015-09-25 17:40:09] production.INFO: ========== Follow post ========== [] []
[2015-09-25 17:40:12] production.INFO: ========== Follow post ========== [] []
[2015-09-25 17:41:07] production.INFO: ========== Follow post ========== [] []
[2015-09-25 17:41:18] production.INFO: ========== Follow post ========== [] []
[2015-09-25 17:48:44] production.INFO: ========== Follow post ========== [] []
[2015-09-25 17:49:22] production.INFO: ========== Follow post ========== [] []
[2015-09-25 17:50:05] production.INFO: ========== Follow post ========== [] []
[2015-09-25 17:53:28] production.INFO: ========== Follow post ========== [] []
[2015-09-25 17:53:30] production.INFO: ========== Follow post ========== [] []
[2015-09-25 17:55:57] production.INFO: ========== Follow post ========== [] []
[2015-09-25 17:58:12] production.INFO: ========== Follow post ========== [] []
[2015-09-25 17:58:48] production.INFO: ========== Follow post ========== [] []
[2015-09-25 18:05:47] production.INFO: ========== Follow post ========== [] []
[2015-09-25 18:07:34] production.INFO: ========== Follow post ========== [] []
[2015-09-25 18:08:40] production.INFO: ========== Follow post ========== [] []
[2015-09-25 18:10:20] production.INFO: ========== Follow post ========== [] []
[2015-09-25 18:11:20] production.INFO: ========== Follow post ========== [] []
[2015-09-25 18:16:06] production.INFO: ========== Follow post ========== [] []
[2015-09-25 18:16:36] production.INFO: ========== Follow post ========== [] []
[2015-09-25 18:17:24] production.INFO: ========== Follow post ========== [] []
[2015-09-25 18:19:27] production.INFO: ========== Follow post ========== [] []
[2015-09-25 18:22:28] production.INFO: ========== Follow post ========== [] []
[2015-09-25 18:26:14] production.INFO: ========== Follow post ========== [] []
[2015-09-25 18:26:44] production.INFO: ========== Follow post ========== [] []
[2015-09-25 18:30:32] production.INFO: ========== Follow post ========== [] []
[2015-09-25 18:30:50] production.INFO: ========== Follow post ========== [] []
[2015-09-25 18:30:58] production.INFO: ========== Follow post ========== [] []
[2015-09-25 18:32:59] production.INFO: ========== Follow post ========== [] []
[2015-09-25 18:34:43] production.INFO: ========== Follow post ========== [] []
[2015-09-25 18:37:52] production.INFO: ========== Follow post ========== [] []
[2015-09-25 18:38:44] production.INFO: ========== Follow post ========== [] []
[2015-09-25 18:39:30] production.INFO: ========== Follow post ========== [] []
[2015-09-25 18:39:40] production.INFO: ========== Follow post ========== [] []
[2015-09-25 18:43:40] production.INFO: ========== Follow post ========== [] []
[2015-09-25 18:44:37] production.INFO: ========== Follow post ========== [] []
[2015-09-25 18:46:23] production.INFO: ========== Follow post ========== [] []
[2015-09-25 18:46:27] production.INFO: ========== Follow post ========== [] []
[2015-09-25 18:51:12] production.INFO: ========== Follow post ========== [] []
[2015-09-25 18:52:34] production.INFO: ========== Follow post ========== [] []
[2015-09-25 18:53:09] production.INFO: ========== Follow post ========== [] []
[2015-09-25 18:54:30] production.INFO: ========== Follow post ========== [] []
[2015-09-25 19:00:10] production.INFO: ========== Follow post ========== [] []
[2015-09-25 19:00:55] production.INFO: ========== Follow post ========== [] []
[2015-09-25 19:01:08] production.INFO: ========== Follow post ========== [] []
[2015-09-25 19:04:42] production.INFO: ========== Follow post ========== [] []
[2015-09-25 19:05:28] production.INFO: ========== Follow post ========== [] []
[2015-09-25 19:08:26] production.INFO: ========== Follow post ========== [] []
[2015-09-25 19:11:09] production.INFO: ========== Follow post ========== [] []
[2015-09-25 19:12:07] production.INFO: ========== Follow post ========== [] []
[2015-09-25 19:15:48] production.INFO: ========== Follow post ========== [] []
[2015-09-25 19:17:00] production.INFO: ========== Follow post ========== [] []
[2015-09-25 19:17:21] production.INFO: ========== Follow post ========== [] []
[2015-09-25 19:19:25] production.INFO: ========== Follow post ========== [] []
[2015-09-25 19:23:23] production.INFO: ========== Follow post ========== [] []
[2015-09-25 19:23:39] production.INFO: ========== Follow post ========== [] []
[2015-09-25 19:24:54] production.INFO: ========== Follow post ========== [] []
[2015-09-25 19:26:00] production.INFO: ========== Follow post ========== [] []
[2015-09-25 19:26:45] production.INFO: ========== Follow post ========== [] []
[2015-09-25 19:27:23] production.INFO: ========== Follow post ========== [] []
[2015-09-25 19:28:20] production.INFO: ========== Follow post ========== [] []
[2015-09-25 19:30:56] production.INFO: ========== Follow post ========== [] []
[2015-09-25 19:31:37] production.INFO: ========== Follow post ========== [] []
[2015-09-25 19:35:06] production.INFO: ========== Follow post ========== [] []
[2015-09-25 19:35:46] production.INFO: ========== Follow post ========== [] []
[2015-09-25 19:36:04] production.INFO: ========== Follow post ========== [] []
[2015-09-25 19:41:56] production.INFO: ========== Follow post ========== [] []
[2015-09-25 19:49:45] production.INFO: ========== Follow post ========== [] []
[2015-09-25 19:50:35] production.INFO: ========== Follow post ========== [] []
[2015-09-25 19:50:42] production.INFO: ========== Follow post ========== [] []
[2015-09-25 19:51:17] production.INFO: ========== Follow post ========== [] []
[2015-09-25 19:56:08] production.INFO: ========== Follow post ========== [] []
[2015-09-25 20:01:38] production.INFO: ========== Follow post ========== [] []
[2015-09-25 20:04:25] production.INFO: ========== Follow post ========== [] []
[2015-09-25 20:07:11] production.INFO: ========== Follow post ========== [] []
[2015-09-25 20:10:47] production.INFO: ========== Follow post ========== [] []
[2015-09-25 20:11:23] production.INFO: ========== Follow post ========== [] []
[2015-09-25 20:12:09] production.INFO: ========== Follow post ========== [] []
[2015-09-25 20:12:09] production.INFO: ========== Follow post ========== [] []
[2015-09-25 20:15:25] production.INFO: ========== Follow post ========== [] []
[2015-09-25 20:15:55] production.INFO: ========== Follow post ========== [] []
[2015-09-25 20:17:14] production.INFO: ========== Follow post ========== [] []
[2015-09-25 20:17:29] production.INFO: ========== Follow post ========== [] []
[2015-09-25 20:19:25] production.INFO: ========== Follow post ========== [] []
[2015-09-25 20:22:32] production.INFO: ========== Follow post ========== [] []
[2015-09-25 20:23:26] production.INFO: ========== Follow post ========== [] []
[2015-09-25 20:23:43] production.INFO: ========== Follow post ========== [] []
[2015-09-25 20:25:43] production.INFO: ========== Follow post ========== [] []
[2015-09-25 20:29:50] production.INFO: ========== Follow post ========== [] []
[2015-09-25 20:32:05] production.INFO: ========== Follow post ========== [] []
[2015-09-25 20:32:10] production.INFO: ========== Follow post ========== [] []
[2015-09-25 20:32:17] production.INFO: ========== Follow post ========== [] []
[2015-09-25 20:45:54] production.INFO: ========== Follow post ========== [] []
[2015-09-25 20:45:55] production.INFO: ========== Follow post ========== [] []
[2015-09-25 20:47:20] production.INFO: ========== Follow post ========== [] []
[2015-09-25 20:52:33] production.INFO: ========== Follow post ========== [] []
[2015-09-25 20:53:30] production.INFO: ========== Follow post ========== [] []
[2015-09-25 20:56:20] production.INFO: ========== Follow post ========== [] []
[2015-09-25 20:57:15] production.INFO: ========== Follow post ========== [] []
[2015-09-25 20:59:37] production.INFO: ========== Follow post ========== [] []
[2015-09-25 21:00:07] production.INFO: ========== Follow post ========== [] []
[2015-09-25 21:01:27] production.INFO: ========== Follow post ========== [] []
[2015-09-25 21:06:37] production.INFO: ========== Follow post ========== [] []
[2015-09-25 21:07:44] production.INFO: ========== Follow post ========== [] []
[2015-09-25 21:09:47] production.INFO: ========== Follow post ========== [] []
[2015-09-25 21:10:54] production.INFO: ========== Follow post ========== [] []
[2015-09-25 21:12:17] production.INFO: ========== Follow post ========== [] []
[2015-09-25 21:14:41] production.INFO: ========== Follow post ========== [] []
[2015-09-25 21:15:55] production.INFO: ========== Follow post ========== [] []
[2015-09-25 21:16:06] production.INFO: ========== Follow post ========== [] []
[2015-09-25 21:17:47] production.INFO: ========== Follow post ========== [] []
[2015-09-25 21:18:30] production.INFO: ========== Follow post ========== [] []
[2015-09-25 21:18:39] production.INFO: ========== Follow post ========== [] []
[2015-09-25 21:19:10] production.INFO: ========== Follow post ========== [] []
[2015-09-25 21:21:19] production.INFO: ========== Follow post ========== [] []
[2015-09-25 21:22:43] production.INFO: ========== Follow post ========== [] []
[2015-09-25 21:25:46] production.INFO: ========== Follow post ========== [] []
[2015-09-25 21:30:00] production.INFO: ========== Follow post ========== [] []
[2015-09-25 21:30:51] production.INFO: ========== Follow post ========== [] []
[2015-09-25 21:31:56] production.INFO: ========== Follow post ========== [] []
[2015-09-25 21:37:14] production.INFO: ========== Follow post ========== [] []
[2015-09-25 21:37:56] production.INFO: ========== Follow post ========== [] []
[2015-09-25 21:38:23] production.INFO: ========== Follow post ========== [] []
[2015-09-25 21:40:06] production.INFO: ========== Follow post ========== [] []
[2015-09-25 21:40:48] production.INFO: ========== Follow post ========== [] []
[2015-09-25 21:44:37] production.INFO: ========== Follow post ========== [] []
[2015-09-25 21:45:50] production.INFO: ========== Follow post ========== [] []
[2015-09-25 21:48:07] production.INFO: ========== Follow post ========== [] []
[2015-09-25 21:48:15] production.INFO: ========== Follow post ========== [] []
[2015-09-25 21:49:30] production.INFO: ========== Follow post ========== [] []
[2015-09-25 21:50:23] production.INFO: ========== Follow post ========== [] []
[2015-09-25 21:50:32] production.INFO: ========== Follow post ========== [] []
[2015-09-25 21:51:18] production.INFO: ========== Follow post ========== [] []
[2015-09-25 21:52:13] production.INFO: ========== Follow post ========== [] []
[2015-09-25 21:53:45] production.INFO: ========== Follow post ========== [] []
[2015-09-25 21:54:02] production.INFO: ========== Follow post ========== [] []
[2015-09-25 21:57:57] production.INFO: ========== Follow post ========== [] []
[2015-09-25 22:01:01] production.INFO: ========== Follow post ========== [] []
[2015-09-25 22:06:12] production.INFO: ========== Follow post ========== [] []
[2015-09-25 22:07:28] production.INFO: ========== Follow post ========== [] []
[2015-09-25 22:07:42] production.INFO: ========== Follow post ========== [] []
[2015-09-25 22:08:28] production.INFO: ========== Follow post ========== [] []
[2015-09-25 22:09:07] production.INFO: ========== Follow post ========== [] []
[2015-09-25 22:10:43] production.INFO: ========== Follow post ========== [] []
[2015-09-25 22:14:57] production.INFO: ========== Follow post ========== [] []
[2015-09-25 22:18:20] production.INFO: ========== Follow post ========== [] []
[2015-09-25 22:19:37] production.INFO: ========== Follow post ========== [] []
[2015-09-25 22:23:21] production.INFO: ========== Follow post ========== [] []
[2015-09-25 22:25:36] production.INFO: ========== Follow post ========== [] []
[2015-09-25 22:28:58] production.INFO: ========== Follow post ========== [] []
[2015-09-25 22:32:57] production.INFO: ========== Follow post ========== [] []
[2015-09-25 22:35:00] production.INFO: ========== Follow post ========== [] []
[2015-09-25 22:36:23] production.INFO: ========== Follow post ========== [] []
[2015-09-25 22:42:35] production.INFO: ========== Follow post ========== [] []
[2015-09-25 22:43:44] production.INFO: ========== Follow post ========== [] []
[2015-09-25 22:54:37] production.INFO: ========== Follow post ========== [] []
[2015-09-25 23:00:04] production.INFO: ========== Follow post ========== [] []
[2015-09-25 23:15:49] production.INFO: ========== Follow post ========== [] []
[2015-09-25 23:27:32] production.INFO: ========== Follow post ========== [] []
[2015-09-25 23:35:40] production.INFO: ========== Follow post ========== [] []
[2015-09-25 23:39:57] production.INFO: ========== Follow post ========== [] []
[2015-09-25 23:48:55] production.INFO: ========== Follow post ========== [] []
[2015-09-25 23:49:42] production.INFO: ========== Follow post ========== [] []
